[INFO] Scanning for projects...
[INFO] 
[INFO] ---------------------< org.example:ai_inspection >----------------------
[INFO] Building ai_inspection 1.0-SNAPSHOT
[INFO]   from pom.xml
[INFO] --------------------------------[ jar ]---------------------------------
[INFO] 
[INFO] >>> spring-boot:2.7.18:run (default-cli) > test-compile @ ai_inspection >>>
[WARNING] 1 problem was encountered while building the effective model for org.javassist:javassist:jar:3.20.0-GA during dependency collection step for project (use -X to see details)
[INFO] 
[INFO] --- resources:3.2.0:resources (default-resources) @ ai_inspection ---
[INFO] Using 'UTF-8' encoding to copy filtered resources.
[INFO] Using 'UTF-8' encoding to copy filtered properties files.
[INFO] Copying 1 resource
[INFO] Copying 7 resources
[INFO] 
[INFO] --- compiler:3.10.1:compile (default-compile) @ ai_inspection ---
[INFO] Nothing to compile - all classes are up to date
[INFO] 
[INFO] --- resources:3.2.0:testResources (default-testResources) @ ai_inspection ---
[INFO] Using 'UTF-8' encoding to copy filtered resources.
[INFO] Using 'UTF-8' encoding to copy filtered properties files.
[INFO] skip non existing resourceDirectory /Users/xujinxin/IdeaProjects/ai_inspection/src/test/resources
[INFO] 
[INFO] --- compiler:3.10.1:testCompile (default-testCompile) @ ai_inspection ---
[INFO] Nothing to compile - all classes are up to date
[INFO] 
[INFO] <<< spring-boot:2.7.18:run (default-cli) < test-compile @ ai_inspection <<<
[INFO] 
[INFO] 
[INFO] --- spring-boot:2.7.18:run (default-cli) @ ai_inspection ---
[INFO] Attaching agents: []

  .   ____          _            __ _ _
 /\\ / ___'_ __ _ _(_)_ __  __ _ \ \ \ \
( ( )\___ | '_ | '_| | '_ \/ _` | \ \ \ \
 \\/  ___)| |_)| | | | | || (_| |  ) ) ) )
  '  |____| .__|_| |_|_| |_\__, | / / / /
 =========|_|==============|___/=/_/_/_/
[32m :: Spring Boot :: [39m             [2m (v2.7.18)[0;39m

[2m2025-08-07 16:31:52.654[0;39m [32m INFO[0;39m [35m32903[0;39m [2m---[0;39m [2m[           main][0;39m [36morg.example.Application                 [0;39m [2m:[0;39m Starting Application using Java 23.0.2 on U-HN4YYTCX-0114.local with PID 32903 (/Users/xujinxin/IdeaProjects/ai_inspection/target/classes started by xujinxin in /Users/xujinxin/IdeaProjects/ai_inspection)
[2m2025-08-07 16:31:52.655[0;39m [32m INFO[0;39m [35m32903[0;39m [2m---[0;39m [2m[           main][0;39m [36morg.example.Application                 [0;39m [2m:[0;39m No active profile set, falling back to 1 default profile: "default"
[2m2025-08-07 16:31:52.828[0;39m [32mDEBUG[0;39m [35m32903[0;39m [2m---[0;39m [2m[           main][0;39m [36mo.m.s.mapper.ClassPathMapperScanner     [0;39m [2m:[0;39m Identified candidate component class: file [/Users/xujinxin/IdeaProjects/ai_inspection/target/classes/org/example/mapper/InspectionPromptMapper.class]
[2m2025-08-07 16:31:52.828[0;39m [32mDEBUG[0;39m [35m32903[0;39m [2m---[0;39m [2m[           main][0;39m [36mo.m.s.mapper.ClassPathMapperScanner     [0;39m [2m:[0;39m Identified candidate component class: file [/Users/xujinxin/IdeaProjects/ai_inspection/target/classes/org/example/mapper/InspectionResultMapper.class]
[2m2025-08-07 16:31:52.828[0;39m [32mDEBUG[0;39m [35m32903[0;39m [2m---[0;39m [2m[           main][0;39m [36mo.m.s.mapper.ClassPathMapperScanner     [0;39m [2m:[0;39m Creating MapperFactoryBean with name 'inspectionPromptMapper' and 'org.example.mapper.InspectionPromptMapper' mapperInterface
[2m2025-08-07 16:31:52.829[0;39m [32mDEBUG[0;39m [35m32903[0;39m [2m---[0;39m [2m[           main][0;39m [36mo.m.s.mapper.ClassPathMapperScanner     [0;39m [2m:[0;39m Enabling autowire by type for MapperFactoryBean with name 'inspectionPromptMapper'.
[2m2025-08-07 16:31:52.829[0;39m [32mDEBUG[0;39m [35m32903[0;39m [2m---[0;39m [2m[           main][0;39m [36mo.m.s.mapper.ClassPathMapperScanner     [0;39m [2m:[0;39m Creating MapperFactoryBean with name 'inspectionResultMapper' and 'org.example.mapper.InspectionResultMapper' mapperInterface
[2m2025-08-07 16:31:52.829[0;39m [32mDEBUG[0;39m [35m32903[0;39m [2m---[0;39m [2m[           main][0;39m [36mo.m.s.mapper.ClassPathMapperScanner     [0;39m [2m:[0;39m Enabling autowire by type for MapperFactoryBean with name 'inspectionResultMapper'.
[2m2025-08-07 16:31:52.958[0;39m [32m INFO[0;39m [35m32903[0;39m [2m---[0;39m [2m[           main][0;39m [36mo.s.b.w.embedded.tomcat.TomcatWebServer [0;39m [2m:[0;39m Tomcat initialized with port(s): 8080 (http)
[2m2025-08-07 16:31:52.961[0;39m [32m INFO[0;39m [35m32903[0;39m [2m---[0;39m [2m[           main][0;39m [36mo.apache.catalina.core.StandardService  [0;39m [2m:[0;39m Starting service [Tomcat]
[2m2025-08-07 16:31:52.962[0;39m [32m INFO[0;39m [35m32903[0;39m [2m---[0;39m [2m[           main][0;39m [36morg.apache.catalina.core.StandardEngine [0;39m [2m:[0;39m Starting Servlet engine: [Apache Tomcat/9.0.83]
[2m2025-08-07 16:31:52.991[0;39m [32m INFO[0;39m [35m32903[0;39m [2m---[0;39m [2m[           main][0;39m [36mo.a.c.c.C.[Tomcat].[localhost].[/]      [0;39m [2m:[0;39m Initializing Spring embedded WebApplicationContext
[2m2025-08-07 16:31:52.992[0;39m [32m INFO[0;39m [35m32903[0;39m [2m---[0;39m [2m[           main][0;39m [36mw.s.c.ServletWebServerApplicationContext[0;39m [2m:[0;39m Root WebApplicationContext: initialization completed in 317 ms
[2m2025-08-07 16:31:52.998[0;39m [32m INFO[0;39m [35m32903[0;39m [2m---[0;39m [2m[           main][0;39m [36mo.s.j.d.e.EmbeddedDatabaseFactory       [0;39m [2m:[0;39m Starting embedded database: url='jdbc:h2:mem:testdb;DB_CLOSE_DELAY=-1;DB_CLOSE_ON_EXIT=false', username='sa'
[2m2025-08-07 16:31:52.999[0;39m [32mDEBUG[0;39m [35m32903[0;39m [2m---[0;39m [2m[           main][0;39m [36mo.s.jdbc.datasource.DataSourceUtils     [0;39m [2m:[0;39m Fetching JDBC Connection from DataSource
[2m2025-08-07 16:31:52.999[0;39m [32mDEBUG[0;39m [35m32903[0;39m [2m---[0;39m [2m[           main][0;39m [36mo.s.j.datasource.SimpleDriverDataSource [0;39m [2m:[0;39m Creating new JDBC Driver Connection to [jdbc:h2:mem:testdb;DB_CLOSE_DELAY=-1;DB_CLOSE_ON_EXIT=false]
[2m2025-08-07 16:31:53.047[0;39m [32mDEBUG[0;39m [35m32903[0;39m [2m---[0;39m [2m[           main][0;39m [36mo.s.jdbc.datasource.init.ScriptUtils    [0;39m [2m:[0;39m Executing SQL script from class path resource [inspection_result.sql]
[2m2025-08-07 16:31:53.052[0;39m [32mDEBUG[0;39m [35m32903[0;39m [2m---[0;39m [2m[           main][0;39m [36mo.s.jdbc.datasource.init.ScriptUtils    [0;39m [2m:[0;39m 0 returned as update count for SQL: CREATE TABLE inspection_result ( id INTEGER NOT NULL AUTO_INCREMENT, gmt_create TIMESTAMP NOT NULL, gmt_modified TIMESTAMP NOT NULL, is_deleted varchar(4) NOT NULL, tag varchar(50) NOT NULL, work_no varchar(50) NOT NULL, method_name varchar(50) NOT NULL, req CLOB NOT NULL, last_resp CLOB, this_resp CLOB, check_flag varchar(4) NOT NULL DEFAULT 'U', error_msg CLOB, inspection_type varchar(10) NOT NULL DEFAULT 'api', PRIMARY KEY (id) )
[2m2025-08-07 16:31:53.053[0;39m [32mDEBUG[0;39m [35m32903[0;39m [2m---[0;39m [2m[           main][0;39m [36mo.s.jdbc.datasource.init.ScriptUtils    [0;39m [2m:[0;39m 0 returned as update count for SQL: CREATE INDEX idx_is_d ON inspection_result(is_deleted)
[2m2025-08-07 16:31:53.053[0;39m [32mDEBUG[0;39m [35m32903[0;39m [2m---[0;39m [2m[           main][0;39m [36mo.s.jdbc.datasource.init.ScriptUtils    [0;39m [2m:[0;39m 0 returned as update count for SQL: CREATE INDEX idx_w ON inspection_result(work_no)
[2m2025-08-07 16:31:53.054[0;39m [32mDEBUG[0;39m [35m32903[0;39m [2m---[0;39m [2m[           main][0;39m [36mo.s.jdbc.datasource.init.ScriptUtils    [0;39m [2m:[0;39m 1 returned as update count for SQL: INSERT INTO inspection_result (id, gmt_create, gmt_modified, is_deleted, tag, work_no, method_name, req, last_resp, this_resp, check_flag, error_msg, inspection_type) VALUES (1, '2025-05-30 15:45:38', '2025-08-07 09:40:02', 'n', 'test', '1', 'organizationHealth', '{"prompt":"åœ¨å¯¹å€¼è¿›è¡Œåˆ¤æ–­çš„æ—¶å€™éœ€è¦æ³¨æ„ä¸‹é¢å‡ ç§ç±»åž‹\n1ã€å¦‚æžœä¸¤ä¸ªå€¼éƒ½æ˜¯å­—ç¬¦ä¸²ç±»åž‹ï¼š\n  aï¼šåŒ…å«å…¬å…±çš„å•ä½ï¼Œæ¯”å¦‚''TBã€ä¸‡ã€äººã€%''ç­‰ï¼Œåˆ™åŽ»æŽ‰å…¬å…±çš„å•ä½è¿›è¡Œæ•°å€¼çš„æ¯”å¦‚ã€‚å…·ä½“çš„ä¾‹å­ï¼šå­˜åœ¨å¼‚åœ°æ±‡æŠ¥æœ‰1äººï¼Œå…¶ä¸­''1''æ˜¯æˆ‘ä»¬è¦æ¯”å¯¹çš„æ•°å€¼ï¼Œè€Œ''å­˜åœ¨å¼‚åœ°æ±‡æŠ¥''æ˜¯æˆ‘ä»¬è¦æ¯”å¯¹çš„keyã€‚\n  bï¼šå¦‚æžœå€¼ä¸­é—´éƒ½åŒ…å«äº†åˆ†éš”ç¬¦ï¼Œæ¯”å¦‚''/''ï¼Œåˆ™æ ¹æ®åˆ†éš”ç¬¦æŠŠå€¼æ‹†æˆå¤šä¸ªå†…å®¹è¿›è¡Œæ¯”å¯¹ã€‚å…·ä½“çš„ä¾‹å­ï¼š1/0.1ï¼Œåˆ™æ‹†åˆ†æˆ1ã€0.1ä¸¤ä¸ªå€¼è¿›è¡Œæ¯”å¯¹\n  cï¼šå¦‚æžœæ˜¯ç™¾åˆ†æ¯”çš„è¯ï¼Œæ¯”å¦‚åŒ…å«''%''ï¼Œåˆ™å°†''%''åŽ»æŽ‰ï¼Œç”¨æ•°å€¼è¿›è¡Œæ¯”å¯¹ã€‚å…·ä½“çš„ä¾‹å­ï¼šæ¯”å¦‚''4.59%''ã€''4.58%''ï¼Œè¿™ä¸¤ä¸ªå€¼è¿›è¡Œæ¯”å¯¹çš„è¯ï¼Œåˆ™å°†''%''åŽ»æŽ‰ï¼Œç”¨''40''ã€''41''ä¸¤ä¸ªæ•°å€¼è¿›è¡Œæ•°å€¼æ¯”å¯¹ï¼Œä½¿ç”¨å·¥å…·åˆ¤æ–­å‡º''40''ã€''41''ä¸¤ä¸ªæ•°å€¼çš„æ³¢åŠ¨èŒƒå›´ã€æ•°å€¼çš„å€¼å¦‚æžœç›¸å·®åœ¨10%ä»¥å†…ï¼Œåˆ™è®¤ä¸ºä¸€è‡´ã€‚\n2ã€å¦‚æžœä¸¤ä¸ªå€¼éƒ½æ˜¯æ•°å€¼ç±»åž‹ï¼Œéœ€è¦æŒ‰ç…§ä¸‹é¢å‡ ä¸ªæ­¥éª¤å¤„ç†ï¼š\n  aã€éœ€è¦æ ¹æ®ä¸¤ä¸ªå€¼çš„å¤§å°ï¼Œæ¥åˆ¤æ–­å‡ºæ³¢åŠ¨é˜ˆå€¼ã€‚å¦‚æžœä¸¤ä¸ªå€¼æœ‰ä»»ä½•ä¸€ä¸ªå¤§äºŽ10çš„è¯ï¼Œåˆ™æ³¢åŠ¨é˜ˆå€¼ä¸º20%ï¼Œå¦åˆ™å¦‚æžœä¸¤ä¸ªå€¼éƒ½åœ¨10ä»¥å†…ï¼Œåˆ™æ³¢åŠ¨é˜ˆå€¼ä¸º100%ã€‚å…·ä½“çš„ä¾‹å­ï¼š11ã€9ä¸¤ä¸ªå€¼è¿›è¡Œæ¯”å¯¹çš„æ—¶å€™ï¼Œä¸¤ä¸ªå€¼æœ‰ä¸€ä¸ªæ˜¯11å¤§äºŽ10ï¼Œæ³¢åŠ¨é˜ˆå€¼ä¸º20%ã€‚1å’Œ2ä¸¤ä¸ªå€¼éƒ½å°äºŽ10ï¼Œåˆ™æ³¢åŠ¨é˜ˆå€¼ä¸º100%ã€‚\n  bã€ä½¿ç”¨å·¥å…·è®¡ç®—å‡ºä¸¤ä¸ªæ•°å€¼æ³¢åŠ¨å€¼ï¼Œè¿”å›žå®žé™…çš„æ³¢åŠ¨å€¼ã€‚\n  cã€åˆ¤æ–­å®žé™…çš„æ³¢åŠ¨å€¼æ˜¯å¦å¤§äºŽä¸Šé¢é¢„è®¾çš„æ³¢åŠ¨é˜ˆå€¼ï¼Œå¦‚æžœå¤§äºŽä¸Šé¢é¢„è®¾çš„æ³¢åŠ¨é˜ˆå€¼åˆ™è®¤ä¸ºä¸ä¸€è‡´ï¼Œå¦åˆ™ä¸€è‡´\n\nå¦‚æžœæ³¢åŠ¨å¤§äºŽå‰é¢çš„é˜ˆå€¼ï¼Œåˆ™åˆ¤æ–­è®¤ä¸ºä¸ä¸€è‡´ï¼Œå¹¶ä¸”èƒ½å¤Ÿè¿”å›žè®¤å®šä¸ä¸€è‡´çš„ç†ç”±ï¼Œç†ç”±ä¸­éœ€è¦åŒ…å«é˜ˆå€¼å’Œè®¡ç®—åŽçš„å®žé™…æ³¢åŠ¨å€¼ï¼Œæ¯”å¦‚ï¼šæ•°å€¼æ³¢åŠ¨ä¸º100%ï¼Œè¶…è¿‡é¢„è®¾çš„é˜ˆå€¼20%"}', '', '', 'Y', '[]', 'page')
[2m2025-08-07 16:31:53.055[0;39m [32mDEBUG[0;39m [35m32903[0;39m [2m---[0;39m [2m[           main][0;39m [36mo.s.jdbc.datasource.init.ScriptUtils    [0;39m [2m:[0;39m 1 returned as update count for SQL: INSERT INTO inspection_result (id, gmt_create, gmt_modified, is_deleted, tag, work_no, method_name, req, last_resp, this_resp, check_flag, error_msg, inspection_type) VALUES (2, '2025-05-30 15:45:38', '2025-08-07 09:40:02', 'n', 'test', '2', 'businessOverview', '{"prompt":"åœ¨å¯¹å€¼è¿›è¡Œåˆ¤æ–­çš„æ—¶å€™éœ€è¦æ³¨æ„ä¸‹é¢å‡ ç§ç±»åž‹\n1ã€å¦‚æžœä¸¤ä¸ªå€¼éƒ½æ˜¯å­—ç¬¦ä¸²ç±»åž‹ï¼š\n  aï¼šåŒ…å«å…¬å…±çš„å•ä½ï¼Œæ¯”å¦‚''TBã€ä¸‡ã€äººã€%''ç­‰ï¼Œåˆ™åŽ»æŽ‰å…¬å…±çš„å•ä½è¿›è¡Œæ•°å€¼çš„æ¯”å¦‚ã€‚å…·ä½“çš„ä¾‹å­ï¼šå­˜åœ¨å¼‚åœ°æ±‡æŠ¥æœ‰1äººï¼Œå…¶ä¸­''1''æ˜¯æˆ‘ä»¬è¦æ¯”å¯¹çš„æ•°å€¼ï¼Œè€Œ''å­˜åœ¨å¼‚åœ°æ±‡æŠ¥''æ˜¯æˆ‘ä»¬è¦æ¯”å¯¹çš„keyã€‚\n  bï¼šå¦‚æžœå€¼ä¸­é—´éƒ½åŒ…å«äº†åˆ†éš”ç¬¦ï¼Œæ¯”å¦‚''/''ï¼Œåˆ™æ ¹æ®åˆ†éš”ç¬¦æŠŠå€¼æ‹†æˆå¤šä¸ªå†…å®¹è¿›è¡Œæ¯”å¯¹ã€‚å…·ä½“çš„ä¾‹å­ï¼š1/0.1ï¼Œåˆ™æ‹†åˆ†æˆ1ã€0.1ä¸¤ä¸ªå€¼è¿›è¡Œæ¯”å¯¹\n  cï¼šå¦‚æžœæ˜¯ç™¾åˆ†æ¯”çš„è¯ï¼Œæ¯”å¦‚åŒ…å«''%''ï¼Œåˆ™å°†''%''åŽ»æŽ‰ï¼Œç”¨æ•°å€¼è¿›è¡Œæ¯”å¯¹ã€‚å…·ä½“çš„ä¾‹å­ï¼šæ¯”å¦‚''4.59%''ã€''4.58%''ï¼Œè¿™ä¸¤ä¸ªå€¼è¿›è¡Œæ¯”å¯¹çš„è¯ï¼Œåˆ™å°†''%''åŽ»æŽ‰ï¼Œç”¨''40''ã€''41''ä¸¤ä¸ªæ•°å€¼è¿›è¡Œæ•°å€¼æ¯”å¯¹ï¼Œä½¿ç”¨å·¥å…·åˆ¤æ–­å‡º''40''ã€''41''ä¸¤ä¸ªæ•°å€¼çš„æ³¢åŠ¨èŒƒå›´ã€æ•°å€¼çš„å€¼å¦‚æžœç›¸å·®åœ¨10%ä»¥å†…ï¼Œåˆ™è®¤ä¸ºä¸€è‡´ã€‚\n2ã€å¦‚æžœä¸¤ä¸ªå€¼éƒ½æ˜¯æ•°å€¼ç±»åž‹ï¼Œéœ€è¦æŒ‰ç…§ä¸‹é¢å‡ ä¸ªæ­¥éª¤å¤„ç†ï¼š\n  aã€éœ€è¦æ ¹æ®ä¸¤ä¸ªå€¼çš„å¤§å°ï¼Œæ¥åˆ¤æ–­å‡ºæ³¢åŠ¨é˜ˆå€¼ã€‚å¦‚æžœä¸¤ä¸ªå€¼æœ‰ä»»ä½•ä¸€ä¸ªå¤§äºŽ10çš„è¯ï¼Œåˆ™æ³¢åŠ¨é˜ˆå€¼ä¸º20%ï¼Œå¦åˆ™å¦‚æžœä¸¤ä¸ªå€¼éƒ½åœ¨10ä»¥å†…ï¼Œåˆ™æ³¢åŠ¨é˜ˆå€¼ä¸º100%ã€‚å…·ä½“çš„ä¾‹å­ï¼š11ã€9ä¸¤ä¸ªå€¼è¿›è¡Œæ¯”å¯¹çš„æ—¶å€™ï¼Œä¸¤ä¸ªå€¼æœ‰ä¸€ä¸ªæ˜¯11å¤§äºŽ10ï¼Œæ³¢åŠ¨é˜ˆå€¼ä¸º20%ã€‚1å’Œ2ä¸¤ä¸ªå€¼éƒ½å°äºŽ10ï¼Œåˆ™æ³¢åŠ¨é˜ˆå€¼ä¸º100%ã€‚\n  bã€ä½¿ç”¨å·¥å…·è®¡ç®—å‡ºä¸¤ä¸ªæ•°å€¼æ³¢åŠ¨å€¼ï¼Œè¿”å›žå®žé™…çš„æ³¢åŠ¨å€¼ã€‚\n  cã€åˆ¤æ–­å®žé™…çš„æ³¢åŠ¨å€¼æ˜¯å¦å¤§äºŽä¸Šé¢é¢„è®¾çš„æ³¢åŠ¨é˜ˆå€¼ï¼Œå¦‚æžœå¤§äºŽä¸Šé¢é¢„è®¾çš„æ³¢åŠ¨é˜ˆå€¼åˆ™è®¤ä¸ºä¸ä¸€è‡´ï¼Œå¦åˆ™ä¸€è‡´\n\nå¦‚æžœæ³¢åŠ¨å¤§äºŽå‰é¢çš„é˜ˆå€¼ï¼Œåˆ™åˆ¤æ–­è®¤ä¸ºä¸ä¸€è‡´ï¼Œå¹¶ä¸”èƒ½å¤Ÿè¿”å›žè®¤å®šä¸ä¸€è‡´çš„ç†ç”±ï¼Œç†ç”±ä¸­éœ€è¦åŒ…å«é˜ˆå€¼å’Œè®¡ç®—åŽçš„å®žé™…æ³¢åŠ¨å€¼ï¼Œæ¯”å¦‚ï¼šæ•°å€¼æ³¢åŠ¨ä¸º100%ï¼Œè¶…è¿‡é¢„è®¾çš„é˜ˆå€¼20%"}', '', '', 'N', '[{"actualValue":"136.73","expectedValue":"179.19","indicatorName":"å·®æ—…è´¹","reason":"æ•°å€¼æ³¢åŠ¨ä¸º31.06%ï¼Œè¶…è¿‡é¢„è®¾çš„é˜ˆå€¼10%"}]', 'page')
[2m2025-08-07 16:31:53.055[0;39m [32mDEBUG[0;39m [35m32903[0;39m [2m---[0;39m [2m[           main][0;39m [36mo.s.jdbc.datasource.init.ScriptUtils    [0;39m [2m:[0;39m 0 returned as update count for SQL: CREATE TABLE inspection_prompt ( id INTEGER NOT NULL AUTO_INCREMENT, gmt_create TIMESTAMP NOT NULL, gmt_modified TIMESTAMP NOT NULL, is_deleted varchar(4) NOT NULL, tag varchar(50) NOT NULL, prompt_name varchar(50) NOT NULL, method_name varchar(50) NOT NULL, prompt_content CLOB NOT NULL, PRIMARY KEY (id) )
[2m2025-08-07 16:31:53.056[0;39m [32mDEBUG[0;39m [35m32903[0;39m [2m---[0;39m [2m[           main][0;39m [36mo.s.jdbc.datasource.init.ScriptUtils    [0;39m [2m:[0;39m 0 returned as update count for SQL: CREATE INDEX idx_prompt_tag ON inspection_prompt (tag)
[2m2025-08-07 16:31:53.056[0;39m [32mDEBUG[0;39m [35m32903[0;39m [2m---[0;39m [2m[           main][0;39m [36mo.s.jdbc.datasource.init.ScriptUtils    [0;39m [2m:[0;39m 0 returned as update count for SQL: CREATE INDEX idx_prompt_method ON inspection_prompt (method_name)
[2m2025-08-07 16:31:53.056[0;39m [32mDEBUG[0;39m [35m32903[0;39m [2m---[0;39m [2m[           main][0;39m [36mo.s.jdbc.datasource.init.ScriptUtils    [0;39m [2m:[0;39m 1 returned as update count for SQL: INSERT INTO inspection_prompt (id, gmt_create, gmt_modified, is_deleted, tag, prompt_name, method_name, prompt_content) VALUES (1, '2025-05-30 15:45:38', '2025-08-07 09:40:02', 'n', 'test', 'ç»„ç»‡å¥åº·AIå·¡æ£€prompt', 'organizationHealth', 'åœ¨å¯¹å€¼è¿›è¡Œåˆ¤æ–­çš„æ—¶å€™éœ€è¦æ³¨æ„ä¸‹é¢å‡ ç§ç±»åž‹
1ã€å¦‚æžœä¸¤ä¸ªå€¼éƒ½æ˜¯å­—ç¬¦ä¸²ç±»åž‹ï¼š
  aï¼šåŒ…å«å…¬å…±çš„å•ä½ï¼Œæ¯”å¦‚''TBã€ä¸‡ã€äººã€%''ç­‰ï¼Œåˆ™åŽ»æŽ‰å…¬å…±çš„å•ä½è¿›è¡Œæ•°å€¼çš„æ¯”å¦‚ã€‚å…·ä½“çš„ä¾‹å­ï¼šå­˜åœ¨å¼‚åœ°æ±‡æŠ¥æœ‰1äººï¼Œå…¶ä¸­''1''æ˜¯æˆ‘ä»¬è¦æ¯”å¯¹çš„æ•°å€¼ï¼Œè€Œ''å­˜åœ¨å¼‚åœ°æ±‡æŠ¥''æ˜¯æˆ‘ä»¬è¦æ¯”å¯¹çš„keyã€‚
  bï¼šå¦‚æžœå€¼ä¸­é—´éƒ½åŒ…å«äº†åˆ†éš”ç¬¦ï¼Œæ¯”å¦‚''/''ï¼Œåˆ™æ ¹æ®åˆ†éš”ç¬¦æŠŠå€¼æ‹†æˆå¤šä¸ªå†…å®¹è¿›è¡Œæ¯”å¯¹ã€‚å…·ä½“çš„ä¾‹å­ï¼š1/0.1ï¼Œåˆ™æ‹†åˆ†æˆ1ã€0.1ä¸¤ä¸ªå€¼è¿›è¡Œæ¯”å¯¹
  cï¼šå¦‚æžœæ˜¯ç™¾åˆ†æ¯”çš„è¯ï¼Œæ¯”å¦‚åŒ…å«''%''ï¼Œåˆ™å°†''%''åŽ»æŽ‰ï¼Œç”¨æ•°å€¼è¿›è¡Œæ¯”å¯¹ã€‚å…·ä½“çš„ä¾‹å­ï¼šæ¯”å¦‚''4.59%''ã€''4.58%''ï¼Œè¿™ä¸¤ä¸ªå€¼è¿›è¡Œæ¯”å¯¹çš„è¯ï¼Œåˆ™å°†''%''åŽ»æŽ‰ï¼Œç”¨''40''ã€''41''ä¸¤ä¸ªæ•°å€¼è¿›è¡Œæ•°å€¼æ¯”å¯¹ï¼Œä½¿ç”¨å·¥å…·åˆ¤æ–­å‡º''40''ã€''41''ä¸¤ä¸ªæ•°å€¼çš„æ³¢åŠ¨èŒƒå›´ã€æ•°å€¼çš„å€¼å¦‚æžœç›¸å·®åœ¨10%ä»¥å†…ï¼Œåˆ™è®¤ä¸ºä¸€è‡´ã€‚
2ã€å¦‚æžœä¸¤ä¸ªå€¼éƒ½æ˜¯æ•°å€¼ç±»åž‹ï¼Œéœ€è¦æŒ‰ç…§ä¸‹é¢å‡ ä¸ªæ­¥éª¤å¤„ç†ï¼š
  aã€éœ€è¦æ ¹æ®ä¸¤ä¸ªå€¼çš„å¤§å°ï¼Œæ¥åˆ¤æ–­å‡ºæ³¢åŠ¨é˜ˆå€¼ã€‚å¦‚æžœä¸¤ä¸ªå€¼æœ‰ä»»ä½•ä¸€ä¸ªå¤§äºŽ10çš„è¯ï¼Œåˆ™æ³¢åŠ¨é˜ˆå€¼ä¸º20%ï¼Œå¦åˆ™å¦‚æžœä¸¤ä¸ªå€¼éƒ½åœ¨10ä»¥å†…ï¼Œåˆ™æ³¢åŠ¨é˜ˆå€¼ä¸º100%ã€‚å…·ä½“çš„ä¾‹å­ï¼š11ã€9ä¸¤ä¸ªå€¼è¿›è¡Œæ¯”å¯¹çš„æ—¶å€™ï¼Œä¸¤ä¸ªå€¼æœ‰ä¸€ä¸ªæ˜¯11å¤§äºŽ10ï¼Œæ³¢åŠ¨é˜ˆå€¼ä¸º20%ã€‚1å’Œ2ä¸¤ä¸ªå€¼éƒ½å°äºŽ10ï¼Œåˆ™æ³¢åŠ¨é˜ˆå€¼ä¸º100%ã€‚
  bã€ä½¿ç”¨å·¥å…·è®¡ç®—å‡ºä¸¤ä¸ªæ•°å€¼æ³¢åŠ¨å€¼ï¼Œè¿”å›žå®žé™…çš„æ³¢åŠ¨å€¼ã€‚
  cã€åˆ¤æ–­å®žé™…çš„æ³¢åŠ¨å€¼æ˜¯å¦å¤§äºŽä¸Šé¢é¢„è®¾çš„æ³¢åŠ¨é˜ˆå€¼ï¼Œå¦‚æžœå¤§äºŽä¸Šé¢é¢„è®¾çš„æ³¢åŠ¨é˜ˆå€¼åˆ™è®¤ä¸ºä¸ä¸€è‡´ï¼Œå¦åˆ™ä¸€è‡´

å¦‚æžœæ³¢åŠ¨å¤§äºŽå‰é¢çš„é˜ˆå€¼ï¼Œåˆ™åˆ¤æ–­è®¤ä¸ºä¸ä¸€è‡´ï¼Œå¹¶ä¸”èƒ½å¤Ÿè¿”å›žè®¤å®šä¸ä¸€è‡´çš„ç†ç”±ï¼Œç†ç”±ä¸­éœ€è¦åŒ…å«é˜ˆå€¼å’Œè®¡ç®—åŽçš„å®žé™…æ³¢åŠ¨å€¼ï¼Œæ¯”å¦‚ï¼šæ•°å€¼æ³¢åŠ¨ä¸º100%ï¼Œè¶…è¿‡é¢„è®¾çš„é˜ˆå€¼20%')
[2m2025-08-07 16:31:53.056[0;39m [32mDEBUG[0;39m [35m32903[0;39m [2m---[0;39m [2m[           main][0;39m [36mo.s.jdbc.datasource.init.ScriptUtils    [0;39m [2m:[0;39m 1 returned as update count for SQL: INSERT INTO inspection_prompt (id, gmt_create, gmt_modified, is_deleted, tag, prompt_name, method_name, prompt_content) VALUES (2, '2025-05-30 15:45:38', '2025-08-07 09:40:02', 'n', 'test', 'ä¸šåŠ¡æ¦‚è§ˆAIå·¡æ£€prompt', 'businessOverview', 'åœ¨å¯¹å€¼è¿›è¡Œåˆ¤æ–­çš„æ—¶å€™éœ€è¦æ³¨æ„ä¸‹é¢å‡ ç§ç±»åž‹
1ã€å¦‚æžœä¸¤ä¸ªå€¼éƒ½æ˜¯å­—ç¬¦ä¸²ç±»åž‹ï¼š
  aï¼šåŒ…å«å…¬å…±çš„å•ä½ï¼Œæ¯”å¦‚''TBã€ä¸‡ã€äººã€%''ç­‰ï¼Œåˆ™åŽ»æŽ‰å…¬å…±çš„å•ä½è¿›è¡Œæ•°å€¼çš„æ¯”å¦‚ã€‚å…·ä½“çš„ä¾‹å­ï¼šå­˜åœ¨å¼‚åœ°æ±‡æŠ¥æœ‰1äººï¼Œå…¶ä¸­''1''æ˜¯æˆ‘ä»¬è¦æ¯”å¯¹çš„æ•°å€¼ï¼Œè€Œ''å­˜åœ¨å¼‚åœ°æ±‡æŠ¥''æ˜¯æˆ‘ä»¬è¦æ¯”å¯¹çš„keyã€‚
  bï¼šå¦‚æžœå€¼ä¸­é—´éƒ½åŒ…å«äº†åˆ†éš”ç¬¦ï¼Œæ¯”å¦‚''/''ï¼Œåˆ™æ ¹æ®åˆ†éš”ç¬¦æŠŠå€¼æ‹†æˆå¤šä¸ªå†…å®¹è¿›è¡Œæ¯”å¯¹ã€‚å…·ä½“çš„ä¾‹å­ï¼š1/0.1ï¼Œåˆ™æ‹†åˆ†æˆ1ã€0.1ä¸¤ä¸ªå€¼è¿›è¡Œæ¯”å¯¹
  cï¼šå¦‚æžœæ˜¯ç™¾åˆ†æ¯”çš„è¯ï¼Œæ¯”å¦‚åŒ…å«''%''ï¼Œåˆ™å°†''%''åŽ»æŽ‰ï¼Œç”¨æ•°å€¼è¿›è¡Œæ¯”å¯¹ã€‚å…·ä½“çš„ä¾‹å­ï¼šæ¯”å¦‚''4.59%''ã€''4.58%''ï¼Œè¿™ä¸¤ä¸ªå€¼è¿›è¡Œæ¯”å¯¹çš„è¯ï¼Œåˆ™å°†''%''åŽ»æŽ‰ï¼Œç”¨''40''ã€''41''ä¸¤ä¸ªæ•°å€¼è¿›è¡Œæ•°å€¼æ¯”å¯¹ï¼Œä½¿ç”¨å·¥å…·åˆ¤æ–­å‡º''40''ã€''41''ä¸¤ä¸ªæ•°å€¼çš„æ³¢åŠ¨èŒƒå›´ã€æ•°å€¼çš„å€¼å¦‚æžœç›¸å·®åœ¨10%ä»¥å†…ï¼Œåˆ™è®¤ä¸ºä¸€è‡´ã€‚
2ã€å¦‚æžœä¸¤ä¸ªå€¼éƒ½æ˜¯æ•°å€¼ç±»åž‹ï¼Œéœ€è¦æŒ‰ç…§ä¸‹é¢å‡ ä¸ªæ­¥éª¤å¤„ç†ï¼š
  aã€éœ€è¦æ ¹æ®ä¸¤ä¸ªå€¼çš„å¤§å°ï¼Œæ¥åˆ¤æ–­å‡ºæ³¢åŠ¨é˜ˆå€¼ã€‚å¦‚æžœä¸¤ä¸ªå€¼æœ‰ä»»ä½•ä¸€ä¸ªå¤§äºŽ10çš„è¯ï¼Œåˆ™æ³¢åŠ¨é˜ˆå€¼ä¸º20%ï¼Œå¦åˆ™å¦‚æžœä¸¤ä¸ªå€¼éƒ½åœ¨10ä»¥å†…ï¼Œåˆ™æ³¢åŠ¨é˜ˆå€¼ä¸º100%ã€‚å…·ä½“çš„ä¾‹å­ï¼š11ã€9ä¸¤ä¸ªå€¼è¿›è¡Œæ¯”å¯¹çš„æ—¶å€™ï¼Œä¸¤ä¸ªå€¼æœ‰ä¸€ä¸ªæ˜¯11å¤§äºŽ10ï¼Œæ³¢åŠ¨é˜ˆå€¼ä¸º20%ã€‚1å’Œ2ä¸¤ä¸ªå€¼éƒ½å°äºŽ10ï¼Œåˆ™æ³¢åŠ¨é˜ˆå€¼ä¸º100%ã€‚
  bã€ä½¿ç”¨å·¥å…·è®¡ç®—å‡ºä¸¤ä¸ªæ•°å€¼æ³¢åŠ¨å€¼ï¼Œè¿”å›žå®žé™…çš„æ³¢åŠ¨å€¼ã€‚
  cã€åˆ¤æ–­å®žé™…çš„æ³¢åŠ¨å€¼æ˜¯å¦å¤§äºŽä¸Šé¢é¢„è®¾çš„æ³¢åŠ¨é˜ˆå€¼ï¼Œå¦‚æžœå¤§äºŽä¸Šé¢é¢„è®¾çš„æ³¢åŠ¨é˜ˆå€¼åˆ™è®¤ä¸ºä¸ä¸€è‡´ï¼Œå¦åˆ™ä¸€è‡´

å¦‚æžœæ³¢åŠ¨å¤§äºŽå‰é¢çš„é˜ˆå€¼ï¼Œåˆ™åˆ¤æ–­è®¤ä¸ºä¸ä¸€è‡´ï¼Œå¹¶ä¸”èƒ½å¤Ÿè¿”å›žè®¤å®šä¸ä¸€è‡´çš„ç†ç”±ï¼Œç†ç”±ä¸­éœ€è¦åŒ…å«é˜ˆå€¼å’Œè®¡ç®—åŽçš„å®žé™…æ³¢åŠ¨å€¼ï¼Œæ¯”å¦‚ï¼šæ•°å€¼æ³¢åŠ¨ä¸º100%ï¼Œè¶…è¿‡é¢„è®¾çš„é˜ˆå€¼20%')
[2m2025-08-07 16:31:53.056[0;39m [32mDEBUG[0;39m [35m32903[0;39m [2m---[0;39m [2m[           main][0;39m [36mo.s.jdbc.datasource.init.ScriptUtils    [0;39m [2m:[0;39m Executed SQL script from class path resource [inspection_result.sql] in 9 ms.
[2m2025-08-07 16:31:53.057[0;39m [32mDEBUG[0;39m [35m32903[0;39m [2m---[0;39m [2m[           main][0;39m [36mo.s.j.datasource.SimpleDriverDataSource [0;39m [2m:[0;39m Creating new JDBC Driver Connection to [jdbc:h2:mem:testdb;DB_CLOSE_DELAY=-1;DB_CLOSE_ON_EXIT=false]
[2m2025-08-07 16:31:53.058[0;39m [32m INFO[0;39m [35m32903[0;39m [2m---[0;39m [2m[           main][0;39m [36mo.s.b.a.h2.H2ConsoleAutoConfiguration   [0;39m [2m:[0;39m H2 console available at '/h2-console'. Database available at 'jdbc:h2:mem:testdb'
[2m2025-08-07 16:31:53.130[0;39m [32mDEBUG[0;39m [35m32903[0;39m [2m---[0;39m [2m[           main][0;39m [36mo.mybatis.spring.SqlSessionFactoryBean  [0;39m [2m:[0;39m Parsed mapper file: 'file [/Users/xujinxin/IdeaProjects/ai_inspection/target/classes/mapper/InspectionPromptMapper.xml]'
[2m2025-08-07 16:31:53.135[0;39m [32mDEBUG[0;39m [35m32903[0;39m [2m---[0;39m [2m[           main][0;39m [36mo.mybatis.spring.SqlSessionFactoryBean  [0;39m [2m:[0;39m Parsed mapper file: 'file [/Users/xujinxin/IdeaProjects/ai_inspection/target/classes/mapper/InspectionResultMapper.xml]'
[2m2025-08-07 16:31:53.213[0;39m [33m WARN[0;39m [35m32903[0;39m [2m---[0;39m [2m[           main][0;39m [36mion$DefaultTemplateResolverConfiguration[0;39m [2m:[0;39m Cannot find template location: classpath:/templates/ (please add some templates, check your Thymeleaf configuration, or set spring.thymeleaf.check-template-location=false)
[2m2025-08-07 16:31:53.238[0;39m [33m WARN[0;39m [35m32903[0;39m [2m---[0;39m [2m[           main][0;39m [36mConfigServletWebServerApplicationContext[0;39m [2m:[0;39m Exception encountered during context initialization - cancelling refresh attempt: org.springframework.context.ApplicationContextException: Failed to start bean 'webServerStartStop'; nested exception is org.springframework.boot.web.server.PortInUseException: Port 8080 is already in use
[2m2025-08-07 16:31:53.239[0;39m [32m INFO[0;39m [35m32903[0;39m [2m---[0;39m [2m[         [2m2025-08-07 16:32:24.504[0;39m [32m INFO[0;39m [35m32612[0;39m [2m---[0;39m [2m[nio-8080-exec-1][0;39m [36mo.a.c.c.C.[Tomcat].[localhost].[/]      [0;39m [2m:[0;39m Initializing Spring DispatcherServlet 'dispatcherServlet'
[2m2025-08-07 16:32:24.504[0;39m [32m INFO[0;39m [35m32612[0;39m [2m---[0;39m [2m[nio-8080-exec-1][0;39m [36mo.s.web.servlet.DispatcherServlet       [0;39m [2m:[0;39m Initializing Servlet 'dispatcherServlet'
[2m2025-08-07 16:32:24.504[0;39m [32m INFO[0;39m [35m32612[0;39m [2m---[0;39m [2m[nio-8080-exec-1][0;39m [36mo.s.web.servlet.DispatcherServlet       [0;39m [2m:[0;39m Completed initialization in 0 ms
[2m2025-08-07 16:32:25.478[0;39m [32m INFO[0;39m [35m32612[0;39m [2m---[0;39m [2m[nio-8080-exec-4][0;39m [36mo.e.c.InspectionResultController        [0;39m [2m:[0;39m æŽ¥æ”¶æŸ¥è¯¢å·¡æ£€æ¡ˆä¾‹è¯·æ±‚: InspectionQuery{, workNo='', tag='', methodName='null', checkFlag='', inspectionType=''}
[2m2025-08-07 16:32:25.481[0;39m [32m INFO[0;39m [35m32612[0;39m [2m---[0;39m [2m[nio-8080-exec-4][0;39m [36mo.e.service.impl.InspectionServiceImpl  [0;39m [2m:[0;39m æŸ¥è¯¢å·¡æ£€æ¡ˆä¾‹ï¼ŒæŸ¥è¯¢æ¡ä»¶: InspectionQuery{, workNo='', tag='', methodName='null', checkFlag='', inspectionType=''}
[2m2025-08-07 16:32:25.484[0;39m [32mDEBUG[0;39m [35m32612[0;39m [2m---[0;39m [2m[nio-8080-exec-4][0;39m [36morg.mybatis.spring.SqlSessionUtils      [0;39m [2m:[0;39m Creating a new SqlSession
[2m2025-08-07 16:32:25.486[0;39m [32mDEBUG[0;39m [35m32612[0;39m [2m---[0;39m [2m[nio-8080-exec-4][0;39m [36morg.mybatis.spring.SqlSessionUtils      [0;39m [2m:[0;39m SqlSession [org.apache.ibatis.session.defaults.DefaultSqlSession@59172669] was not registered for synchronization because synchronization is not active
[2m2025-08-07 16:32:25.494[0;39m [32mDEBUG[0;39m [35m32612[0;39m [2m---[0;39m [2m[nio-8080-exec-4][0;39m [36mo.s.jdbc.datasource.DataSourceUtils     [0;39m [2m:[0;39m Fetching JDBC Connection from DataSource
[2m2025-08-07 16:32:25.494[0;39m [32mDEBUG[0;39m [35m32612[0;39m [2m---[0;39m [2m[nio-8080-exec-4][0;39m [36mo.s.j.datasource.SimpleDriverDataSource [0;39m [2m:[0;39m Creating new JDBC Driver Connection to [jdbc:h2:mem:testdb;DB_CLOSE_DELAY=-1;DB_CLOSE_ON_EXIT=false]
[2m2025-08-07 16:32:25.495[0;39m [32mDEBUG[0;39m [35m32612[0;39m [2m---[0;39m [2m[nio-8080-exec-4][0;39m [36mo.m.s.t.SpringManagedTransaction        [0;39m [2m:[0;39m JDBC Connection [conn2: url=jdbc:h2:mem:testdb user=SA] will not be managed by Spring
[2m2025-08-07 16:32:25.498[0;39m [32mDEBUG[0;39m [35m32612[0;39m [2m---[0;39m [2m[nio-8080-exec-4][0;39m [36mo.e.m.I.selectByCondition               [0;39m [2m:[0;39m ==>  Preparing: SELECT id, gmt_create, gmt_modified, is_deleted, tag, work_no, method_name, req, last_resp, this_resp, check_flag, error_msg, inspection_type FROM inspection_result WHERE is_deleted = 'n' ORDER BY gmt_create DESC
[2m2025-08-07 16:32:25.510[0;39m [32mDEBUG[0;39m [35m32612[0;39m [2m---[0;39m [2m[nio-8080-exec-4][0;39m [36mo.e.m.I.selectByCondition               [0;39m [2m:[0;39m ==> Parameters: 
[2m2025-08-07 16:32:25.525[0;39m [32mDEBUG[0;39m [35m32612[0;39m [2m---[0;39m [2m[nio-8080-exec-4][0;39m [36mo.e.m.I.selectByCondition               [0;39m [2m:[0;39m <==      Total: 2
[2m2025-08-07 16:32:25.525[0;39m [32mDEBUG[0;39m [35m32612[0;39m [2m---[0;39m [2m[nio-8080-exec-4][0;39m [36morg.mybatis.spring.SqlSessionUtils      [0;39m [2m:[0;39m Closing non transactional SqlSession [org.apache.ibatis.session.defaults.DefaultSqlSession@59172669]
[2m2025-08-07 16:32:25.528[0;39m [32m INFO[0;39m [35m32612[0;39m [2m---[0;39m [2m[nio-8080-exec-4][0;39m [36mo.e.service.impl.InspectionServiceImpl  [0;39m [2m:[0;39m æŸ¥è¯¢æˆåŠŸï¼Œè¿”å›ž 2 æ¡è®°å½•
[2m2025-08-07 16:32:30.165[0;39m [32m INFO[0;39m [35m32612[0;39m [2m---[0;39m [2m[nio-8080-exec-6][0;39m [36mo.e.c.InspectionPromptController        [0;39m [2m:[0;39m æŽ¥æ”¶æŸ¥è¯¢Promptåˆ—è¡¨è¯·æ±‚: InspectionPromptQuery{tag='', promptName='', methodName=''}
[2m2025-08-07 16:32:30.167[0;39m [32m INFO[0;39m [35m32612[0;39m [2m---[0;39m [2m[nio-8080-exec-6][0;39m [36mo.e.s.impl.InspectionPromptServiceImpl  [0;39m [2m:[0;39m æŸ¥è¯¢Promptåˆ—è¡¨ï¼ŒæŸ¥è¯¢æ¡ä»¶: InspectionPromptQuery{tag='', promptName='', methodName=''}
[2m2025-08-07 16:32:30.167[0;39m [32mDEBUG[0;39m [35m32612[0;39m [2m---[0;39m [2m[nio-8080-exec-6][0;39m [36morg.mybatis.spring.SqlSessionUtils      [0;39m [2m:[0;39m Creating a new SqlSession
[2m2025-08-07 16:32:30.168[0;39m [32mDEBUG[0;39m [35m32612[0;39m [2m---[0;39m [2m[nio-8080-exec-6][0;39m [36morg.mybatis.spring.SqlSessionUtils      [0;39m [2m:[0;39m SqlSession [org.apache.ibatis.session.defaults.DefaultSqlSession@6ca933d7] was not registered for synchronization because synchronization is not active
[2m2025-08-07 16:32:30.168[0;39m [32mDEBUG[0;39m [35m32612[0;39m [2m---[0;39m [2m[nio-8080-exec-6][0;39m [36mo.s.jdbc.datasource.DataSourceUtils     [0;39m [2m:[0;39m Fetching JDBC Connection from DataSource
[2m2025-08-07 16:32:30.168[0;39m [32mDEBUG[0;39m [35m32612[0;39m [2m---[0;39m [2m[nio-8080-exec-6][0;39m [36mo.s.j.datasource.SimpleDriverDataSource [0;39m [2m:[0;39m Creating new JDBC Driver Connection to [jdbc:h2:mem:testdb;DB_CLOSE_DELAY=-1;DB_CLOSE_ON_EXIT=false]
[2m2025-08-07 16:32:30.168[0;39m [32mDEBUG[0;39m [35m32612[0;39m [2m---[0;39m [2m[nio-8080-exec-6][0;39m [36mo.m.s.t.SpringManagedTransaction        [0;39m [2m:[0;39m JDBC Connection [conn3: url=jdbc:h2:mem:testdb user=SA] will not be managed by Spring
[2m2025-08-07 16:32:30.169[0;39m [32mDEBUG[0;39m [35m32612[0;39m [2m---[0;39m [2m[nio-8080-exec-6][0;39m [36mo.e.m.I.selectByCondition               [0;39m [2m:[0;39m ==>  Preparing: SELECT id, gmt_create, gmt_modified, is_deleted, tag, prompt_name, method_name, prompt_content FROM inspection_prompt WHERE is_deleted = 'n' ORDER BY gmt_create DESC
[2m2025-08-07 16:32:30.169[0;39m [32mDEBUG[0;39m [35m32612[0;39m [2m---[0;39m [2m[nio-8080-exec-6][0;39m [36mo.e.m.I.selectByCondition               [0;39m [2m:[0;39m ==> Parameters: 
[2m2025-08-07 16:32:30.171[0;39m [32mDEBUG[0;39m [35m32612[0;39m [2m---[0;39m [2m[nio-8080-exec-6][0;39m [36mo.e.m.I.selectByCondition               [0;39m [2m:[0;39m <==      Total: 2
[2m2025-08-07 16:32:30.171[0;39m [32mDEBUG[0;39m [35m32612[0;39m [2m---[0;39m [2m[nio-8080-exec-6][0;39m [36morg.mybatis.spring.SqlSessionUtils      [0;39m [2m:[0;39m Closing non transactional SqlSession [org.apache.ibatis.session.defaults.DefaultSqlSession@6ca933d7]
[2m2025-08-07 16:32:30.172[0;39m [32m INFO[0;39m [35m32612[0;39m [2m---[0;39m [2m[nio-8080-exec-6][0;39m [36mo.e.s.impl.InspectionPromptServiceImpl  [0;39m [2m:[0;39m æŸ¥è¯¢æˆåŠŸï¼Œè¿”å›ž 2 æ¡è®°å½•
[2m2025-08-07 16:32:32.578[0;39m [32m INFO[0;39m [35m32612[0;39m [2m---[0;39m [2m[nio-8080-exec-7][0;39m [36mo.e.c.InspectionPromptController        [0;39m [2m:[0;39m æŽ¥æ”¶æŸ¥è¯¢Promptåˆ—è¡¨è¯·æ±‚: InspectionPromptQuery{tag='', promptName='', methodName=''}
[2m2025-08-07 16:32:32.578[0;39m [32m INFO[0;39m [35m32612[0;39m [2m---[0;39m [2m[nio-8080-exec-7][0;39m [36mo.e.s.impl.InspectionPromptServiceImpl  [0;39m [2m:[0;39m æŸ¥è¯¢Promptåˆ—è¡¨ï¼ŒæŸ¥è¯¢æ¡ä»¶: InspectionPromptQuery{tag='', promptName='', methodName=''}
[2m2025-08-07 16:32:32.578[0;39m [32mDEBUG[0;39m [35m32612[0;39m [2m---[0;39m [2m[nio-8080-exec-7][0;39m [36morg.mybatis.spring.SqlSessionUtils      [0;39m [2m:[0;39m Creating a new SqlSession
[2m2025-08-07 16:32:32.578[0;39m [32mDEBUG[0;39m [35m32612[0;39m [2m---[0;39m [2m[nio-8080-exec-7][0;39m [36morg.mybatis.spring.SqlSessionUtils      [0;39m [2m:[0;39m SqlSession [org.apache.ibatis.session.defaults.DefaultSqlSession@53b650a2] was not registered for synchronization because synchronization is not active
[2m2025-08-07 16:32:32.579[0;39m [32mDEBUG[0;39m [35m32612[0;39m [2m---[0;39m [2m[nio-8080-exec-7][0;39m [36mo.s.jdbc.datasource.DataSourceUtils     [0;39m [2m:[0;39m Fetching JDBC Connection from DataSource
[2m2025-08-07 16:32:32.579[0;39m [32mDEBUG[0;39m [35m32612[0;39m [2m---[0;39m [2m[nio-8080-exec-7][0;39m [36mo.s.j.datasource.SimpleDriverDataSource [0;39m [2m:[0;39m Creating new JDBC Driver Connection to [jdbc:h2:mem:testdb;DB_CLOSE_DELAY=-1;DB_CLOSE_ON_EXIT=false]
[2m2025-08-07 16:32:32.580[0;39m [32mDEBUG[0;39m [35m32612[0;39m [2m---[0;39m [2m[nio-8080-exec-7][0;39m [36mo.m.s.t.SpringManagedTransaction        [0;39m [2m:[0;39m JDBC Connection [conn4: url=jdbc:h2:mem:testdb user=SA] will not be managed by Spring
[2m2025-08-07 16:32:32.580[0;39m [32mDEBUG[0;39m [35m32612[0;39m [2m---[0;39m [2m[nio-8080-exec-7][0;39m [36mo.e.m.I.selectByCondition               [0;39m [2m:[0;39m ==>  Preparing: SELECT id, gmt_create, gmt_modified, is_deleted, tag, prompt_name, method_name, prompt_content FROM inspection_prompt WHERE is_deleted = 'n' ORDER BY gmt_create DESC
[2m2025-08-07 16:32:32.580[0;39m [32mDEBUG[0;39m [35m32612[0;39m [2m---[0;39m [2m[nio-8080-exec-7][0;39m [36mo.e.m.I.selectByCondition               [0;39m [2m:[0;39m ==> Parameters: 
[2m2025-08-07 16:32:32.582[0;39m [32mDEBUG[0;39m [35m32612[0;39m [2m---[0;39m [2m[nio-8080-exec-7][0;39m [36mo.e.m.I.selectByCondition               [0;39m [2m:[0;39m <==      Total: 2
[2m2025-08-07 16:32:32.582[0;39m [32mDEBUG[0;39m [35m32612[0;39m [2m---[0;39m [2m[nio-8080-exec-7][0;39m [36morg.mybatis.spring.SqlSessionUtils      [0;39m [2m:[0;39m Closing non transactional SqlSession [org.apache.ibatis.session.defaults.DefaultSqlSession@53b650a2]
[2m2025-08-07 16:32:32.583[0;39m [32m INFO[0;39m [35m32612[0;39m [2m---[0;39m [2m[nio-8080-exec-7][0;39m [36mo.e.s.impl.InspectionPromptServiceImpl  [0;39m [2m:[0;39m æŸ¥è¯¢æˆåŠŸï¼Œè¿”å›ž 2 æ¡è®°å½•
[2m2025-08-07 16:32:36.295[0;39m [32m INFO[0;39m [35m32612[0;39m [2m---[0;39m [2m[nio-8080-exec-8][0;39m [36mo.e.c.InspectionPromptController        [0;39m [2m:[0;39m æŽ¥æ”¶æŸ¥è¯¢Promptåˆ—è¡¨è¯·æ±‚: InspectionPromptQuery{tag='test', promptName='', methodName=''}
[2m2025-08-07 16:32:36.296[0;39m [32m INFO[0;39m [35m32612[0;39m [2m---[0;39m [2m[nio-8080-exec-8][0;39m [36mo.e.s.impl.InspectionPromptServiceImpl  [0;39m [2m:[0;39m æŸ¥è¯¢Promptåˆ—è¡¨ï¼ŒæŸ¥è¯¢æ¡ä»¶: InspectionPromptQuery{tag='test', promptName='', methodName=''}
[2m2025-08-07 16:32:36.296[0;39m [32mDEBUG[0;39m [35m32612[0;39m [2m---[0;39m [2m[nio-8080-exec-8][0;39m [36morg.mybatis.spring.SqlSessionUtils      [0;39m [2m:[0;39m Creating a new SqlSession
[2m2025-08-07 16:32:36.296[0;39m [32mDEBUG[0;39m [35m32612[0;39m [2m---[0;39m [2m[nio-8080-exec-8][0;39m [36morg.mybatis.spring.SqlSessionUtils      [0;39m [2m:[0;39m SqlSession [org.apache.ibatis.session.defaults.DefaultSqlSession@237209e2] was not registered for synchronization because synchronization is not active
[2m2025-08-07 16:32:36.297[0;39m [32mDEBUG[0;39m [35m32612[0;39m [2m---[0;39m [2m[nio-8080-exec-8][0;39m [36mo.s.jdbc.datasource.DataSourceUtils     [0;39m [2m:[0;39m Fetching JDBC Connection from DataSource
[2m2025-08-07 16:32:36.297[0;39m [32mDEBUG[0;39m [35m32612[0;39m [2m---[0;39m [2m[nio-8080-exec-8][0;39m [36mo.s.j.datasource.SimpleDriverDataSource [0;39m [2m:[0;39m Creating new JDBC Driver Connection to [jdbc:h2:mem:testdb;DB_CLOSE_DELAY=-1;DB_CLOSE_ON_EXIT=false]
[2m2025-08-07 16:32:36.298[0;39m [32mDEBUG[0;39m [35m32612[0;39m [2m---[0;39m [2m[nio-8080-exec-8][0;39m [36mo.m.s.t.SpringManagedTransaction        [0;39m [2m:[0;39m JDBC Connection [conn5: url=jdbc:h2:mem:testdb user=SA] will not be managed by Spring
[2m2025-08-07 16:32:36.298[0;39m [32mDEBUG[0;39m [35m32612[0;39m [2m---[0;39m [2m[nio-8080-exec-8][0;39m [36mo.e.m.I.selectByCondition               [0;39m [2m:[0;39m ==>  Preparing: SELECT id, gmt_create, gmt_modified, is_deleted, tag, prompt_name, method_name, prompt_content FROM inspection_prompt WHERE is_deleted = 'n' AND tag = ? ORDER BY gmt_create DESC
[2m2025-08-07 16:32:36.300[0;39m [32mDEBUG[0;39m [35m32612[0;39m [2m---[0;39m [2m[nio-8080-exec-8][0;39m [36mo.e.m.I.selectByCondition               [0;39m [2m:[0;39m ==> Parameters: test(String)
[2m2025-08-07 16:32:36.300[0;39m [32mDEBUG[0;39m [35m32612[0;39m [2m---[0;39m [2m[nio-8080-exec-8][0;39m [36mo.e.m.I.selectByCondition               [0;39m [2m:[0;39m <==      Total: 2
[2m2025-08-07 16:32:36.300[0;39m [32mDEBUG[0;39m [35m32612[0;39m [2m---[0;39m [2m[nio-8080-exec-8][0;39m [36morg.mybatis.spring.SqlSessionUtils      [0;39m [2m:[0;39m Closing non transactional SqlSession [org.apache.ibatis.session.defaults.DefaultSqlSession@237209e2]
[2m2025-08-07 16:32:36.301[0;39m [32m INFO[0;39m [35m32612[0;39m [2m---[0;39m [2m[nio-8080-exec-8][0;39m [36mo.e.s.impl.InspectionPromptServiceImpl  [0;39m [2m:[0;39m æŸ¥è¯¢æˆåŠŸï¼Œè¿”å›ž 2 æ¡è®°å½•
[2m2025-08-07 16:36:06.703[0;39m [32m INFO[0;39m [35m32612[0;39m [2m---[0;39m [2m[nio-8080-exec-2][0;39m [36mo.e.c.InspectionPromptController        [0;39m [2m:[0;39m æŽ¥æ”¶æŸ¥è¯¢Promptåˆ—è¡¨è¯·æ±‚: InspectionPromptQuery{tag='test', promptName='', methodName=''}
[2m2025-08-07 16:36:06.704[0;39m [32m INFO[0;39m [35m32612[0;39m [2m---[0;39m [2m[nio-8080-exec-2][0;39m [36mo.e.s.impl.InspectionPromptServiceImpl  [0;39m [2m:[0;39m æŸ¥è¯¢Promptåˆ—è¡¨ï¼ŒæŸ¥è¯¢æ¡ä»¶: InspectionPromptQuery{tag='test', promptName='', methodName=''}
[2m2025-08-07 16:36:06.704[0;39m [32mDEBUG[0;39m [35m32612[0;39m [2m---[0;39m [2m[nio-8080-exec-2][0;39m [36morg.mybatis.spring.SqlSessionUtils      [0;39m [2m:[0;39m Creating a new SqlSession
[2m2025-08-07 16:36:06.704[0;39m [32mDEBUG[0;39m [35m32612[0;39m [2m---[0;39m [2m[nio-8080-exec-2][0;39m [36morg.mybatis.spring.SqlSessionUtils      [0;39m [2m:[0;39m SqlSession [org.apache.ibatis.session.defaults.DefaultSqlSession@3e041d7e] was not registered for synchronization because synchronization is not active
[2m2025-08-07 16:36:06.705[0;39m [32mDEBUG[0;39m [35m32612[0;39m [2m---[0;39m [2m[nio-8080-exec-2][0;39m [36mo.s.jdbc.datasource.DataSourceUtils     [0;39m [2m:[0;39m Fetching JDBC Connection from DataSource
[2m2025-08-07 16:36:06.705[0;39m [32mDEBUG[0;39m [35m32612[0;39m [2m---[0;39m [2m[nio-8080-exec-2][0;39m [36mo.s.j.datasource.SimpleDriverDataSource [0;39m [2m:[0;39m Creating new JDBC Driver Connection to [jdbc:h2:mem:testdb;DB_CLOSE_DELAY=-1;DB_CLOSE_ON_EXIT=false]
[2m2025-08-07 16:36:06.706[0;39m [32mDEBUG[0;39m [35m32612[0;39m [2m---[0;39m [2m[nio-8080-exec-2][0;39m [36mo.m.s.t.SpringManagedTransaction        [0;39m [2m:[0;39m JDBC Connection [conn6: url=jdbc:h2:mem:testdb user=SA] will not be managed by Spring
[2m2025-08-07 16:36:06.706[0;39m [32mDEBUG[0;39m [35m32612[0;39m [2m---[0;39m [2m[nio-8080-exec-2][0;39m [36mo.e.m.I.selectByCondition               [0;39m [2m:[0;39m ==>  Preparing: SELECT id, gmt_create, gmt_modified, is_deleted, tag, prompt_name, method_name, prompt_content FROM inspection_prompt WHERE is_deleted = 'n' AND tag = ? ORDER BY gmt_create DESC
[2m2025-08-07 16:36:06.706[0;39m [32mDEBUG[0;39m [35m32612[0;39m [2m---[0;39m [2m[nio-8080-exec-2][0;39m [36mo.e.m.I.selectByCondition               [0;39m [2m:[0;39m ==> Parameters: test(String)
[2m2025-08-07 16:36:06.708[0;39m [32mDEBUG[0;39m [35m32612[0;39m [2m---[0;39m [2m[nio-8080-exec-2][0;39m [36mo.e.m.I.selectByCondition               [0;39m [2m:[0;39m <==      Total: 2
[2m2025-08-07 16:36:06.708[0;39m [32mDEBUG[0;39m [35m32612[0;39m [2m---[0;39m [2m[nio-8080-exec-2][0;39m [36morg.mybatis.spring.SqlSessionUtils      [0;39m [2m:[0;39m Closing non transactional SqlSession [org.apache.ibatis.session.defaults.DefaultSqlSession@3e041d7e]
[2m2025-08-07 16:36:06.709[0;39m [32m INFO[0;39m [35m32612[0;39m [2m---[0;39m [2m[nio-8080-exec-2][0;39m [36mo.e.s.impl.InspectionPromptServiceImpl  [0;39m [2m:[0;39m æŸ¥è¯¢æˆåŠŸï¼Œè¿”å›ž 2 æ¡è®°å½•
[2m2025-08-07 16:36:36.385[0;39m [32m INFO[0;39m [35m32612[0;39m [2m---[0;39m [2m[nio-8080-exec-4][0;39m [36mo.e.c.InspectionPromptController        [0;39m [2m:[0;39m æŽ¥æ”¶æ–°å¢žPromptè¯·æ±‚: InspectionPromptDTO{id=null, gmtCreate='null', gmtModified='null', isDeleted='null', tag='test', promptName='1', methodName='1', promptContent='1'}
[2m2025-08-07 16:36:36.387[0;39m [32m INFO[0;39m [35m32612[0;39m [2m---[0;39m [2m[nio-8080-exec-4][0;39m [36mo.e.s.impl.InspectionPromptServiceImpl  [0;39m [2m:[0;39m æ–°å¢žPrompt: InspectionPromptDTO{id=null, gmtCreate='null', gmtModified='null', isDeleted='null', tag='test', promptName='1', methodName='1', promptContent='1'}
[2m2025-08-07 16:36:36.388[0;39m [32mDEBUG[0;39m [35m32612[0;39m [2m---[0;39m [2m[nio-8080-exec-4][0;39m [36morg.mybatis.spring.SqlSessionUtils      [0;39m [2m:[0;39m Creating a new SqlSession
[2m2025-08-07 16:36:36.388[0;39m [32mDEBUG[0;39m [35m32612[0;39m [2m---[0;39m [2m[nio-8080-exec-4][0;39m [36morg.mybatis.spring.SqlSessionUtils      [0;39m [2m:[0;39m SqlSession [org.apache.ibatis.session.defaults.DefaultSqlSession@98af2bb] was not registered for synchronization because synchronization is not active
[2m2025-08-07 16:36:36.388[0;39m [32mDEBUG[0;39m [35m32612[0;39m [2m---[0;39m [2m[nio-8080-exec-4][0;39m [36mo.s.jdbc.datasource.DataSourceUtils     [0;39m [2m:[0;39m Fetching JDBC Connection from DataSource
[2m2025-08-07 16:36:36.388[0;39m [32mDEBUG[0;39m [35m32612[0;39m [2m---[0;39m [2m[nio-8080-exec-4][0;39m [36mo.s.j.datasource.SimpleDriverDataSource [0;39m [2m:[0;39m Creating new JDBC Driver Connection to [jdbc:h2:mem:testdb;DB_CLOSE_DELAY=-1;DB_CLOSE_ON_EXIT=false]
[2m2025-08-07 16:36:36.390[0;39m [32mDEBUG[0;39m [35m32612[0;39m [2m---[0;39m [2m[nio-8080-exec-4][0;39m [36mo.m.s.t.SpringManagedTransaction        [0;39m [2m:[0;39m JDBC Connection [conn7: url=jdbc:h2:mem:testdb user=SA] will not be managed by Spring
[2m2025-08-07 16:36:36.390[0;39m [32mDEBUG[0;39m [35m32612[0;39m [2m---[0;39m [2m[nio-8080-exec-4][0;39m [36mo.e.m.InspectionPromptMapper.insert     [0;39m [2m:[0;39m ==>  Preparing: INSERT INTO inspection_prompt ( gmt_create, gmt_modified, is_deleted, tag, prompt_name, method_name, prompt_content ) VALUES ( ?, ?, ?, ?, ?, ?, ? )
[2m2025-08-07 16:36:36.396[0;39m [32mDEBUG[0;39m [35m32612[0;39m [2m---[0;39m [2m[nio-8080-exec-4][0;39m [36mo.e.m.InspectionPromptMapper.insert     [0;39m [2m:[0;39m ==> Parameters: 2025-08-07 16:36:36.387(Timestamp), 2025-08-07 16:36:36.387(Timestamp), n(String), test(String), 1(String), 1(String), 1(String)
[2m2025-08-07 16:36:36.402[0;39m [32mDEBUG[0;39m [35m32612[0;39m [2m---[0;39m [2m[nio-8080-exec-4][0;39m [36morg.mybatis.spring.SqlSessionUtils      [0;39m [2m:[0;39m Closing non transactional SqlSession [org.apache.ibatis.session.defaults.DefaultSqlSession@98af2bb]
[2m2025-08-07 16:36:36.421[0;39m [32mDEBUG[0;39m [35m32612[0;39m [2m---[0;39m [2m[nio-8080-exec-4][0;39m [36mo.s.jdbc.support.SQLErrorCodesFactory   [0;39m [2m:[0;39m Looking up default SQLErrorCodes for DataSource [org.springframework.jdbc.datasource.embedded.EmbeddedDatabaseFactory$EmbeddedDataSourceProxy@403c3a01]
[2m2025-08-07 16:36:36.422[0;39m [32mDEBUG[0;39m [35m32612[0;39m [2m---[0;39m [2m[nio-8080-exec-4][0;39m [36mo.s.jdbc.datasource.DataSourceUtils     [0;39m [2m:[0;39m Fetching JDBC Connection from DataSource
[2m2025-08-07 16:36:36.422[0;39m [32mDEBUG[0;39m [35m32612[0;39m [2m---[0;39m [2m[nio-8080-exec-4][0;39m [36mo.s.j.datasource.SimpleDriverDataSource [0;39m [2m:[0;39m Creating new JDBC Driver Connection to [jdbc:h2:mem:testdb;DB_CLOSE_DELAY=-1;DB_CLOSE_ON_EXIT=false]
[2m2025-08-07 16:36:36.422[0;39m [32mDEBUG[0;39m [35m32612[0;39m [2m---[0;39m [2m[nio-8080-exec-4][0;39m [36mo.s.jdbc.support.SQLErrorCodesFactory   [0;39m [2m:[0;39m SQL error codes for 'H2' found
[2m2025-08-07 16:36:36.422[0;39m [32mDEBUG[0;39m [35m32612[0;39m [2m---[0;39m [2m[nio-8080-exec-4][0;39m [36mo.s.jdbc.support.SQLErrorCodesFactory   [0;39m [2m:[0;39m Caching SQL error codes for DataSource [org.springframework.jdbc.datasource.embedded.EmbeddedDatabaseFactory$EmbeddedDataSourceProxy@403c3a01]: database product name is 'H2'
[2m2025-08-07 16:36:36.422[0;39m [32mDEBUG[0;39m [35m32612[0;39m [2m---[0;39m [2m[nio-8080-exec-4][0;39m [36ms.j.s.SQLErrorCodeSQLExceptionTranslator[0;39m [2m:[0;39m Translating SQLException with SQL state '23505', error code '23505', message [Unique index or primary key violation: "PRIMARY KEY ON PUBLIC.INSPECTION_PROMPT(ID) ( /* key:1 */ 1, TIMESTAMP '2025-05-30 15:45:38', TIMESTAMP '2025-08-07 09:40:02', 'n', 'test', U&'\\7ec4\\7ec7\\5065\\5eb7AI\\5de1\\68c0prompt', 'organizationHealth', SPACE(683 /* table: 10 id: 6 */))"; SQL statement:
INSERT INTO inspection_prompt (
            gmt_create, gmt_modified, is_deleted, tag, prompt_name,
            method_name, prompt_content
        ) VALUES (
            ?, ?, ?, ?, ?,
            ?, ?
        ) [23505-214]] for task [
### Error updating database.  Cause: org.h2.jdbc.JdbcSQLIntegrityConstraintViolationException: Unique index or primary key violation: "PRIMARY KEY ON PUBLIC.INSPECTION_PROMPT(ID) ( /* key:1 */ 1, TIMESTAMP '2025-05-30 15:45:38', TIMESTAMP '2025-08-07 09:40:02', 'n', 'test', U&'\\7ec4\\7ec7\\5065\\5eb7AI\\5de1\\68c0prompt', 'organizationHealth', SPACE(683 /* table: 10 id: 6 */))"; SQL statement:
INSERT INTO inspection_prompt (
            gmt_create, gmt_modified, is_deleted, tag, prompt_name,
            method_name, prompt_content
        ) VALUES (
            ?, ?, ?, ?, ?,
            ?, ?
        ) [23505-214]
### The error may exist in file [/Users/xujinxin/IdeaProjects/ai_inspection/target/classes/mapper/InspectionPromptMapper.xml]
### The error may involve org.example.mapper.InspectionPromptMapper.insert-Inline
### The error occurred while setting parameters
### SQL: INSERT INTO inspection_prompt (             gmt_create, gmt_modified, is_deleted, tag, prompt_name,             method_name, prompt_content         ) VALUES (             ?, ?, ?, ?, ?,             ?, ?         )
### Cause: org.h2.jdbc.JdbcSQLIntegrityConstraintViolationException: Unique index or primary key violation: "PRIMARY KEY ON PUBLIC.INSPECTION_PROMPT(ID) ( /* key:1 */ 1, TIMESTAMP '2025-05-30 15:45:38', TIMESTAMP '2025-08-07 09:40:02', 'n', 'test', U&'\\7ec4\\7ec7\\5065\\5eb7AI\\5de1\\68c0prompt', 'organizationHealth', SPACE(683 /* table: 10 id: 6 */))"; SQL statement:
INSERT INTO inspection_prompt (
            gmt_create, gmt_modified, is_deleted, tag, prompt_name,
            method_name, prompt_content
        ) VALUES (
            ?, ?, ?, ?, ?,
            ?, ?
        ) [23505-214]
]
[2m2025-08-07 16:36:36.425[0;39m [31mERROR[0;39m [35m32612[0;39m [2m---[0;39m [2m[nio-8080-exec-4][0;39m [36mo.e.s.impl.InspectionPromptServiceImpl  [0;39m [2m:[0;39m æ–°å¢žPromptå¤±è´¥

org.springframework.dao.DuplicateKeyException: 
### Error updating database.  Cause: org.h2.jdbc.JdbcSQLIntegrityConstraintViolationException: Unique index or primary key violation: "PRIMARY KEY ON PUBLIC.INSPECTION_PROMPT(ID) ( /* key:1 */ 1, TIMESTAMP '2025-05-30 15:45:38', TIMESTAMP '2025-08-07 09:40:02', 'n', 'test', U&'\\7ec4\\7ec7\\5065\\5eb7AI\\5de1\\68c0prompt', 'organizationHealth', SPACE(683 /* table: 10 id: 6 */))"; SQL statement:
INSERT INTO inspection_prompt (
            gmt_create, gmt_modified, is_deleted, tag, prompt_name,
            method_name, prompt_content
        ) VALUES (
            ?, ?, ?, ?, ?,
            ?, ?
        ) [23505-214]
### The error may exist in file [/Users/xujinxin/IdeaProjects/ai_inspection/target/classes/mapper/InspectionPromptMapper.xml]
### The error may involve org.example.mapper.InspectionPromptMapper.insert-Inline
### The error occurred while setting parameters
### SQL: INSERT INTO inspection_prompt (             gmt_create, gmt_modified, is_deleted, tag, prompt_name,             method_name, prompt_content         ) VALUES (             ?, ?, ?, ?, ?,             ?, ?         )
### Cause: org.h2.jdbc.JdbcSQLIntegrityConstraintViolationException: Unique index or primary key violation: "PRIMARY KEY ON PUBLIC.INSPECTION_PROMPT(ID) ( /* key:1 */ 1, TIMESTAMP '2025-05-30 15:45:38', TIMESTAMP '2025-08-07 09:40:02', 'n', 'test', U&'\\7ec4\\7ec7\\5065\\5eb7AI\\5de1\\68c0prompt', 'organizationHealth', SPACE(683 /* table: 10 id: 6 */))"; SQL statement:
INSERT INTO inspection_prompt (
            gmt_create, gmt_modified, is_deleted, tag, prompt_name,
            method_name, prompt_content
        ) VALUES (
            ?, ?, ?, ?, ?,
            ?, ?
        ) [23505-214]
; Unique index or primary key violation: "PRIMARY KEY ON PUBLIC.INSPECTION_PROMPT(ID) ( /* key:1 */ 1, TIMESTAMP '2025-05-30 15:45:38', TIMESTAMP '2025-08-07 09:40:02', 'n', 'test', U&'\\7ec4\\7ec7\\5065\\5eb7AI\\5de1\\68c0prompt', 'organizationHealth', SPACE(683 /* table: 10 id: 6 */))"; SQL statement:
INSERT INTO inspection_prompt (
            gmt_create, gmt_modified, is_deleted, tag, prompt_name,
            method_name, prompt_content
        ) VALUES (
            ?, ?, ?, ?, ?,
            ?, ?
        ) [23505-214]; nested exception is org.h2.jdbc.JdbcSQLIntegrityConstraintViolationException: Unique index or primary key violation: "PRIMARY KEY ON PUBLIC.INSPECTION_PROMPT(ID) ( /* key:1 */ 1, TIMESTAMP '2025-05-30 15:45:38', TIMESTAMP '2025-08-07 09:40:02', 'n', 'test', U&'\\7ec4\\7ec7\\5065\\5eb7AI\\5de1\\68c0prompt', 'organizationHealth', SPACE(683 /* table: 10 id: 6 */))"; SQL statement:
INSERT INTO inspection_prompt (
            gmt_create, gmt_modified, is_deleted, tag, prompt_name,
            method_name, prompt_content
        ) VALUES (
            ?, ?, ?, ?, ?,
            ?, ?
        ) [23505-214]
	at org.springframework.jdbc.support.SQLErrorCodeSQLExceptionTranslator.doTranslate(SQLErrorCodeSQLExceptionTranslator.java:244) ~[spring-jdbc-5.3.31.jar:5.3.31]
	at org.springframework.jdbc.support.AbstractFallbackSQLExceptionTranslator.translate(AbstractFallbackSQLExceptionTranslator.java:73) ~[spring-jdbc-5.3.31.jar:5.3.31]
	at org.mybatis.spring.MyBatisExceptionTranslator.translateExceptionIfPossible(MyBatisExceptionTranslator.java:92) ~[mybatis-spring-2.1.2.jar:2.1.2]
	at org.mybatis.spring.SqlSessionTemplate$SqlSessionInterceptor.invoke(SqlSessionTemplate.java:439) ~[mybatis-spring-2.1.2.jar:2.1.2]
	at jdk.proxy2/jdk.proxy2.$Proxy62.insert(Unknown Source) ~[na:na]
	at org.mybatis.spring.SqlSessionTemplate.insert(SqlSessionTemplate.java:272) ~[mybatis-spring-2.1.2.jar:2.1.2]
	at org.apache.ibatis.binding.MapperMethod.execute(MapperMethod.java:62) ~[mybatis-3.5.14.jar:3.5.14]
	at org.apache.ibatis.binding.MapperProxy$PlainMethodInvoker.invoke(MapperProxy.java:141) ~[mybatis-3.5.14.jar:3.5.14]
	at org.apache.ibatis.binding.MapperProxy.invoke(MapperProxy.java:86) ~[mybatis-3.5.14.jar:3.5.14]
	at jdk.proxy2/jdk.proxy2.$Proxy63.insert(Unknown Source) ~[na:na]
	at org.example.service.impl.InspectionPromptServiceImpl.insertPrompt(InspectionPromptServiceImpl.java:94) ~[classes/:na]
	at org.example.controller.InspectionPromptController.addPrompt(InspectionPromptController.java:51) ~[classes/:na]
	at java.base/jdk.internal.reflect.DirectMethodHandleAccessor.invoke(DirectMethodHandleAccessor.java:103) ~[na:na]
	at java.base/java.lang.reflect.Method.invoke(Method.java:580) ~[na:na]
	at org.springframework.web.method.support.InvocableHandlerMethod.doInvoke(InvocableHandlerMethod.java:205) ~[spring-web-5.3.31.jar:5.3.31]
	at org.springframework.web.method.support.InvocableHandlerMethod.invokeForRequest(InvocableHandlerMethod.java:150) ~[spring-web-5.3.31.jar:5.3.31]
	at org.springframework.web.servlet.mvc.method.annotation.ServletInvocableHandlerMethod.invokeAndHandle(ServletInvocableHandlerMethod.java:117) ~[spring-webmvc-5.3.31.jar:5.3.31]
	at org.springframework.web.servlet.mvc.method.annotation.RequestMappingHandlerAdapter.invokeHandlerMethod(RequestMappingHandlerAdapter.java:895) ~[spring-webmvc-5.3.31.jar:5.3.31]
	at org.springframework.web.servlet.mvc.method.annotation.RequestMappingHandlerAdapter.handleInternal(RequestMappingHandlerAdapter.java:808) ~[spring-webmvc-5.3.31.jar:5.3.31]
	at org.springframework.web.servlet.mvc.method.AbstractHandlerMethodAdapter.handle(AbstractHandlerMethodAdapter.java:87) ~[spring-webmvc-5.3.31.jar:5.3.31]
	at org.springframework.web.servlet.DispatcherServlet.doDispatch(DispatcherServlet.java:1072) ~[spring-webmvc-5.3.31.jar:5.3.31]
	at org.springframework.web.servlet.DispatcherServlet.doService(DispatcherServlet.java:965) ~[spring-webmvc-5.3.31.jar:5.3.31]
	at org.springframework.web.servlet.FrameworkServlet.processRequest(FrameworkServlet.java:1006) ~[spring-webmvc-5.3.31.jar:5.3.31]
	at org.springframework.web.servlet.FrameworkServlet.doPost(FrameworkServlet.java:909) ~[spring-webmvc-5.3.31.jar:5.3.31]
	at javax.servlet.http.HttpServlet.service(HttpServlet.java:555) ~[tomcat-embed-core-9.0.83.jar:4.0.FR]
	at org.springframework.web.servlet.FrameworkServlet.service(FrameworkServlet.java:883) ~[spring-webmvc-5.3.31.jar:5.3.31]
	at javax.servlet.http.HttpServlet.service(HttpServlet.java:623) ~[tomcat-embed-core-9.0.83.jar:4.0.FR]
	at org.apache.catalina.core.ApplicationFilterChain.internalDoFilter(ApplicationFilterChain.java:209) ~[tomcat-embed-core-9.0.83.jar:9.0.83]
	at org.apache.catalina.core.ApplicationFilterChain.doFilter(ApplicationFilterChain.java:153) ~[tomcat-embed-core-9.0.83.jar:9.0.83]
	at org.apache.tomcat.websocket.server.WsFilter.doFilter(WsFilter.java:51) ~[tomcat-embed-websocket-9.0.83.jar:9.0.83]
	at org.apache.catalina.core.ApplicationFilterChain.internalDoFilter(ApplicationFilterChain.java:178) ~[tomcat-embed-core-9.0.83.jar:9.0.83]
	at org.apache.catalina.core.ApplicationFilterChain.doFilter(ApplicationFilterChain.java:153) ~[tomcat-embed-core-9.0.83.jar:9.0.83]
	at org.springframework.web.filter.RequestContextFilter.doFilterInternal(RequestContextFilter.java:100) ~[spring-web-5.3.31.jar:5.3.31]
	at org.springframework.web.filter.OncePerRequestFilter.doFilter(OncePerRequestFilter.java:117) ~[spring-web-5.3.31.jar:5.3.31]
	at org.apache.catalina.core.ApplicationFilterChain.internalDoFilter(ApplicationFilterChain.java:178) ~[tomcat-embed-core-9.0.83.jar:9.0.83]
	at org.apache.catalina.core.ApplicationFilterChain.doFilter(ApplicationFilterChain.java:153) ~[tomcat-embed-core-9.0.83.jar:9.0.83]
	at org.springframework.web.filter.FormContentFilter.doFilterInternal(FormContentFilter.java:93) ~[spring-web-5.3.31.jar:5.3.31]
	at org.springframework.web.filter.OncePerRequestFilter.doFilter(OncePerRequestFilter.java:117) ~[spring-web-5.3.31.jar:5.3.31]
	at org.apache.catalina.core.ApplicationFilterChain.internalDoFilter(ApplicationFilterChain.java:178) ~[tomcat-embed-core-9.0.83.jar:9.0.83]
	at org.apache.catalina.core.ApplicationFilterChain.doFilter(ApplicationFilterChain.java:153) ~[tomcat-embed-core-9.0.83.jar:9.0.83]
	at org.springframework.web.filter.CharacterEncodingFilter.doFilterInternal(CharacterEncodingFilter.java:201) ~[spring-web-5.3.31.jar:5.3.31]
	at org.springframework.web.filter.OncePerRequestFilter.doFilter(OncePerRequestFilter.java:117) ~[spring-web-5.3.31.jar:5.3.31]
	at org.apache.catalina.core.ApplicationFilterChain.internalDoFilter(ApplicationFilterChain.java:178) ~[tomcat-embed-core-9.0.83.jar:9.0.83]
	at org.apache.catalina.core.ApplicationFilterChain.doFilter(ApplicationFilterChain.java:153) ~[tomcat-embed-core-9.0.83.jar:9.0.83]
	at org.apache.catalina.core.StandardWrapperValve.invoke(StandardWrapperValve.java:168) ~[tomcat-embed-core-9.0.83.jar:9.0.83]
	at org.apache.catalina.core.StandardContextValve.invoke(StandardContextValve.java:90) ~[tomcat-embed-core-9.0.83.jar:9.0.83]
	at org.apache.catalina.authenticator.AuthenticatorBase.invoke(AuthenticatorBase.java:481) ~[tomcat-embed-core-9.0.83.jar:9.0.83]
	at org.apache.catalina.core.StandardHostValve.invoke(StandardHostValve.java:130) ~[tomcat-embed-core-9.0.83.jar:9.0.83]
	at org.apache.catalina.valves.ErrorReportValve.invoke(ErrorReportValve.java:93) ~[tomcat-embed-core-9.0.83.jar:9.0.83]
	at org.apache.catalina.core.StandardEngineValve.invoke(StandardEngineValve.java:74) ~[tomcat-embed-core-9.0.83.jar:9.0.83]
	at org.apache.catalina.connector.CoyoteAdapter.service(CoyoteAdapter.java:342) ~[tomcat-embed-core-9.0.83.jar:9.0.83]
	at org.apache.coyote.http11.Http11Processor.service(Http11Processor.java:390) ~[tomcat-embed-core-9.0.83.jar:9.0.83]
	at org.apache.coyote.AbstractProcessorLight.process(AbstractProcessorLight.java:63) ~[tomcat-embed-core-9.0.83.jar:9.0.83]
	at org.apache.coyote.AbstractProtocol$ConnectionHandler.process(AbstractProtocol.java:928) ~[tomcat-embed-core-9.0.83.jar:9.0.83]
	at org.apache.tomcat.util.net.NioEndpoint$SocketProcessor.doRun(NioEndpoint.java:1794) ~[tomcat-embed-core-9.0.83.jar:9.0.83]
	at org.apache.tomcat.util.net.SocketProcessorBase.run(SocketProcessorBase.java:52) ~[tomcat-embed-core-9.0.83.jar:9.0.83]
	at org.apache.tomcat.util.threads.ThreadPoolExecutor.runWorker(ThreadPoolExecutor.java:1191) ~[tomcat-embed-core-9.0.83.jar:9.0.83]
	at org.apache.tomcat.util.threads.ThreadPoolExecutor$Worker.run(ThreadPoolExecutor.java:659) ~[tomcat-embed-core-9.0.83.jar:9.0.83]
	at org.apache.tomcat.util.threads.TaskThread$WrappingRunnable.run(TaskThread.java:61) ~[tomcat-embed-core-9.0.83.jar:9.0.83]
	at java.base/java.lang.Thread.run(Thread.java:1575) ~[na:na]
Caused by: org.h2.jdbc.JdbcSQLIntegrityConstraintViolationException: Unique index or primary key violation: "PRIMARY KEY ON PUBLIC.INSPECTION_PROMPT(ID) ( /* key:1 */ 1, TIMESTAMP '2025-05-30 15:45:38', TIMESTAMP '2025-08-07 09:40:02', 'n', 'test', U&'\\7ec4\\7ec7\\5065\\5eb7AI\\5de1\\68c0prompt', 'organizationHealth', SPACE(683 /* table: 10 id: 6 */))"; SQL statement:
INSERT INTO inspection_prompt (
            gmt_create, gmt_modified, is_deleted, tag, prompt_name,
            method_name, prompt_content
        ) VALUES (
            ?, ?, ?, ?, ?,
            ?, ?
        ) [23505-214]
	at org.h2.message.DbException.getJdbcSQLException(DbException.java:508) ~[h2-2.1.214.jar:2.1.214]
	at org.h2.message.DbException.getJdbcSQLException(DbException.java:477) ~[h2-2.1.214.jar:2.1.214]
	at org.h2.message.DbException.get(DbException.java:223) ~[h2-2.1.214.jar:2.1.214]
	at org.h2.message.DbException.get(DbException.java:199) ~[h2-2.1.214.jar:2.1.214]
	at org.h2.mvstore.db.MVPrimaryIndex.add(MVPrimaryIndex.java:120) ~[h2-2.1.214.jar:2.1.214]
	at org.h2.mvstore.db.MVTable.addRow(MVTable.java:519) ~[h2-2.1.214.jar:2.1.214]
	at org.h2.command.dml.Insert.insertRows(Insert.java:174) ~[h2-2.1.214.jar:2.1.214]
	at org.h2.command.dml.Insert.update(Insert.java:135) ~[h2-2.1.214.jar:2.1.214]
	at org.h2.command.CommandContainer.executeUpdateWithGeneratedKeys(CommandContainer.java:242) ~[h2-2.1.214.jar:2.1.214]
	at org.h2.command.CommandContainer.update(CommandContainer.java:163) ~[h2-2.1.214.jar:2.1.214]
	at org.h2.command.Command.executeUpdate(Command.java:252) ~[h2-2.1.214.jar:2.1.214]
	at org.h2.jdbc.JdbcPreparedStatement.execute(JdbcPreparedStatement.java:254) ~[h2-2.1.214.jar:2.1.214]
	at java.base/jdk.internal.reflect.DirectMethodHandleAccessor.invoke(DirectMethodHandleAccessor.java:103) ~[na:na]
	at java.base/java.lang.reflect.Method.invoke(Method.java:580) ~[na:na]
	at org.apache.ibatis.logging.jdbc.PreparedStatementLogger.invoke(PreparedStatementLogger.java:58) ~[mybatis-3.5.14.jar:3.5.14]
	at jdk.proxy3/jdk.proxy3.$Proxy77.execute(Unknown Source) ~[na:na]
	at org.apache.ibatis.executor.statement.PreparedStatementHandler.update(PreparedStatementHandler.java:48) ~[mybatis-3.5.14.jar:3.5.14]
	at org.apache.ibatis.executor.statement.RoutingStatementHandler.update(RoutingStatementHandler.java:75) ~[mybatis-3.5.14.jar:3.5.14]
	at org.apache.ibatis.executor.ReuseExecutor.doUpdate(ReuseExecutor.java:52) ~[mybatis-3.5.14.jar:3.5.14]
	at org.apache.ibatis.executor.BaseExecutor.update(BaseExecutor.java:117) ~[mybatis-3.5.14.jar:3.5.14]
	at org.apache.ibatis.executor.CachingExecutor.update(CachingExecutor.java:76) ~[mybatis-3.5.14.jar:3.5.14]
	at org.apache.ibatis.session.defaults.DefaultSqlSession.update(DefaultSqlSession.java:197) ~[mybatis-3.5.14.jar:3.5.14]
	at org.apache.ibatis.session.defaults.DefaultSqlSession.insert(DefaultSqlSession.java:184) ~[mybatis-3.5.14.jar:3.5.14]
	at java.base/jdk.internal.reflect.DirectMethodHandleAccessor.invoke(DirectMethodHandleAccessor.java:103) ~[na:na]
	at java.base/java.lang.reflect.Method.invoke(Method.java:580) ~[na:na]
	at org.mybatis.spring.SqlSessionTemplate$SqlSessionInterceptor.invoke(SqlSessionTemplate.java:425) ~[mybatis-spring-2.1.2.jar:2.1.2]
	... 56 common frames omitted

[2m2025-08-07 16:40:45.205[0;39m [32m INFO[0;39m [35m32612[0;39m [2m---[0;39m [2m[nio-8080-exec-8][0;39m [36mo.e.c.InspectionPromptController        [0;39m [2m:[0;39m æŽ¥æ”¶æ–°å¢žPromptè¯·æ±‚: InspectionPromptDTO{id=null, gmtCreate='null', gmtModified='null', isDeleted='null', tag='test', promptName='æµ‹è¯•Prompt', methodName='testMethod', promptContent='è¿™æ˜¯ä¸€ä¸ªæµ‹è¯•çš„Promptå†…å®¹'}
[2m2025-08-07 16:40:45.206[0;39m [32m INFO[0;39m [35m32612[0;39m [2m---[0;39m [2m[nio-8080-exec-8][0;39m [36mo.e.s.impl.InspectionPromptServiceImpl  [0;39m [2m:[0;39m æ–°å¢žPrompt: InspectionPromptDTO{id=null, gmtCreate='null', gmtModified='null', isDeleted='null', tag='test', promptName='æµ‹è¯•Prompt', methodName='testMethod', promptContent='è¿™æ˜¯ä¸€ä¸ªæµ‹è¯•çš„Promptå†…å®¹'}
[2m2025-08-07 16:40:45.207[0;39m [32mDEBUG[0;39m [35m32612[0;39m [2m---[0;39m [2m[nio-8080-exec-8][0;39m [36morg.mybatis.spring.SqlSessionUtils      [0;39m [2m:[0;39m Creating a new SqlSession
[2m2025-08-07 16:40:45.207[0;39m [32mDEBUG[0;39m [35m32612[0;39m [2m---[0;39m [2m[nio-8080-exec-8][0;39m [36morg.mybatis.spring.SqlSessionUtils      [0;39m [2m:[0;39m SqlSession [org.apache.ibatis.session.defaults.DefaultSqlSession@4f5cf9e0] was not registered for synchronization because synchronization is not active
[2m2025-08-07 16:40:45.207[0;39m [32mDEBUG[0;39m [35m32612[0;39m [2m---[0;39m [2m[nio-8080-exec-8][0;39m [36mo.s.jdbc.datasource.DataSourceUtils     [0;39m [2m:[0;39m Fetching JDBC Connection from DataSource
[2m2025-08-07 16:40:45.207[0;39m [32mDEBUG[0;39m [35m32612[0;39m [2m---[0;39m [2m[nio-8080-exec-8][0;39m [36mo.s.j.datasource.SimpleDriverDataSource [0;39m [2m:[0;39m Creating new JDBC Driver Connection to [jdbc:h2:mem:testdb;DB_CLOSE_DELAY=-1;DB_CLOSE_ON_EXIT=false]
[2m2025-08-07 16:40:45.212[0;39m [32mDEBUG[0;39m [35m32612[0;39m [2m---[0;39m [2m[nio-8080-exec-8][0;39m [36mo.m.s.t.SpringManagedTransaction        [0;39m [2m:[0;39m JDBC Connection [conn9: url=jdbc:h2:mem:testdb user=SA] will not be managed by Spring
[2m2025-08-07 16:40:45.212[0;39m [32mDEBUG[0;39m [35m32612[0;39m [2m---[0;39m [2m[nio-8080-exec-8][0;39m [36mo.e.m.InspectionPromptMapper.insert     [0;39m [2m:[0;39m ==>  Preparing: INSERT INTO inspection_prompt ( gmt_create, gmt_modified, is_deleted, tag, prompt_name, method_name, prompt_content ) VALUES ( ?, ?, ?, ?, ?, ?, ? )
[2m2025-08-07 16:40:45.213[0;39m [32mDEBUG[0;39m [35m32612[0;39m [2m---[0;39m [2m[nio-8080-exec-8][0;39m [36mo.e.m.InspectionPromptMapper.insert     [0;39m [2m:[0;39m ==> Parameters: 2025-08-07 16:40:45.206(Timestamp), 2025-08-07 16:40:45.206(Timestamp), n(String), test(String), æµ‹è¯•Prompt(String), testMethod(String), è¿™æ˜¯ä¸€ä¸ªæµ‹è¯•çš„Promptå†…å®¹(String)
[2m2025-08-07 16:40:45.214[0;39m [32mDEBUG[0;39m [35m32612[0;39m [2m---[0;39m [2m[nio-8080-exec-8][0;39m [36morg.mybatis.spring.SqlSessionUtils      [0;39m [2m:[0;39m Closing non transactional SqlSession [org.apache.ibatis.session.defaults.DefaultSqlSession@4f5cf9e0]
[2m2025-08-07 16:40:45.214[0;39m [32mDEBUG[0;39m [35m32612[0;39m [2m---[0;39m [2m[nio-8080-exec-8][0;39m [36ms.j.s.SQLErrorCodeSQLExceptionTranslator[0;39m [2m:[0;39m Translating SQLException with SQL state '23505', error code '23505', message [Unique index or primary key violation: "PRIMARY KEY ON PUBLIC.INSPECTION_PROMPT(ID) ( /* key:2 */ 2, TIMESTAMP '2025-05-30 15:45:38', TIMESTAMP '2025-08-07 09:40:02', 'n', 'test', U&'\\4e1a\\52a1\\6982\\89c8AI\\5de1\\68c0prompt', 'businessOverview', SPACE(683 /* table: 10 id: 8 */))"; SQL statement:
INSERT INTO inspection_prompt (
            gmt_create, gmt_modified, is_deleted, tag, prompt_name,
            method_name, prompt_content
        ) VALUES (
            ?, ?, ?, ?, ?,
            ?, ?
        ) [23505-214]] for task [
### Error updating database.  Cause: org.h2.jdbc.JdbcSQLIntegrityConstraintViolationException: Unique index or primary key violation: "PRIMARY KEY ON PUBLIC.INSPECTION_PROMPT(ID) ( /* key:2 */ 2, TIMESTAMP '2025-05-30 15:45:38', TIMESTAMP '2025-08-07 09:40:02', 'n', 'test', U&'\\4e1a\\52a1\\6982\\89c8AI\\5de1\\68c0prompt', 'businessOverview', SPACE(683 /* table: 10 id: 8 */))"; SQL statement:
INSERT INTO inspection_prompt (
            gmt_create, gmt_modified, is_deleted, tag, prompt_name,
            method_name, prompt_content
        ) VALUES (
            ?, ?, ?, ?, ?,
            ?, ?
        ) [23505-214]
### The error may exist in file [/Users/xujinxin/IdeaProjects/ai_inspection/target/classes/mapper/InspectionPromptMapper.xml]
### The error may involve org.example.mapper.InspectionPromptMapper.insert-Inline
### The error occurred while setting parameters
### SQL: INSERT INTO inspection_prompt (             gmt_create, gmt_modified, is_deleted, tag, prompt_name,             method_name, prompt_content         ) VALUES (             ?, ?, ?, ?, ?,             ?, ?         )
### Cause: org.h2.jdbc.JdbcSQLIntegrityConstraintViolationException: Unique index or primary key violation: "PRIMARY KEY ON PUBLIC.INSPECTION_PROMPT(ID) ( /* key:2 */ 2, TIMESTAMP '2025-05-30 15:45:38', TIMESTAMP '2025-08-07 09:40:02', 'n', 'test', U&'\\4e1a\\52a1\\6982\\89c8AI\\5de1\\68c0prompt', 'businessOverview', SPACE(683 /* table: 10 id: 8 */))"; SQL statement:
INSERT INTO inspection_prompt (
            gmt_create, gmt_modified, is_deleted, tag, prompt_name,
            method_name, prompt_content
        ) VALUES (
            ?, ?, ?, ?, ?,
            ?, ?
        ) [23505-214]
]
[2m2025-08-07 16:40:45.217[0;39m [31mERROR[0;39m [35m32612[0;39m [2m---[0;39m [2m[nio-8080-exec-8][0;39m [36mo.e.s.impl.InspectionPromptServiceImpl  [0;39m [2m:[0;39m æ–°å¢žPromptå¤±è´¥

org.springframework.dao.DuplicateKeyException: 
### Error updating database.  Cause: org.h2.jdbc.JdbcSQLIntegrityConstraintViolationException: Unique index or primary key violation: "PRIMARY KEY ON PUBLIC.INSPECTION_PROMPT(ID) ( /* key:2 */ 2, TIMESTAMP '2025-05-30 15:45:38', TIMESTAMP '2025-08-07 09:40:02', 'n', 'test', U&'\\4e1a\\52a1\\6982\\89c8AI\\5de1\\68c0prompt', 'businessOverview', SPACE(683 /* table: 10 id: 8 */))"; SQL statement:
INSERT INTO inspection_prompt (
            gmt_create, gmt_modified, is_deleted, tag, prompt_name,
            method_name, prompt_content
        ) VALUES (
            ?, ?, ?, ?, ?,
            ?, ?
        ) [23505-214]
### The error may exist in file [/Users/xujinxin/IdeaProjects/ai_inspection/target/classes/mapper/InspectionPromptMapper.xml]
### The error may involve org.example.mapper.InspectionPromptMapper.insert-Inline
### The error occurred while setting parameters
### SQL: INSERT INTO inspection_prompt (             gmt_create, gmt_modified, is_deleted, tag, prompt_name,             method_name, prompt_content         ) VALUES (             ?, ?, ?, ?, ?,             ?, ?         )
### Cause: org.h2.jdbc.JdbcSQLIntegrityConstraintViolationException: Unique index or primary key violation: "PRIMARY KEY ON PUBLIC.INSPECTION_PROMPT(ID) ( /* key:2 */ 2, TIMESTAMP '2025-05-30 15:45:38', TIMESTAMP '2025-08-07 09:40:02', 'n', 'test', U&'\\4e1a\\52a1\\6982\\89c8AI\\5de1\\68c0prompt', 'businessOverview', SPACE(683 /* table: 10 id: 8 */))"; SQL statement:
INSERT INTO inspection_prompt (
            gmt_create, gmt_modified, is_deleted, tag, prompt_name,
            method_name, prompt_content
        ) VALUES (
            ?, ?, ?, ?, ?,
            ?, ?
        ) [23505-214]
; Unique index or primary key violation: "PRIMARY KEY ON PUBLIC.INSPECTION_PROMPT(ID) ( /* key:2 */ 2, TIMESTAMP '2025-05-30 15:45:38', TIMESTAMP '2025-08-07 09:40:02', 'n', 'test', U&'\\4e1a\\52a1\\6982\\89c8AI\\5de1\\68c0prompt', 'businessOverview', SPACE(683 /* table: 10 id: 8 */))"; SQL statement:
INSERT INTO inspection_prompt (
            gmt_create, gmt_modified, is_deleted, tag, prompt_name,
            method_name, prompt_content
        ) VALUES (
            ?, ?, ?, ?, ?,
            ?, ?
        ) [23505-214]; nested exception is org.h2.jdbc.JdbcSQLIntegrityConstraintViolationException: Unique index or primary key violation: "PRIMARY KEY ON PUBLIC.INSPECTION_PROMPT(ID) ( /* key:2 */ 2, TIMESTAMP '2025-05-30 15:45:38', TIMESTAMP '2025-08-07 09:40:02', 'n', 'test', U&'\\4e1a\\52a1\\6982\\89c8AI\\5de1\\68c0prompt', 'businessOverview', SPACE(683 /* table: 10 id: 8 */))"; SQL statement:
INSERT INTO inspection_prompt (
            gmt_create, gmt_modified, is_deleted, tag, prompt_name,
            method_name, prompt_content
        ) VALUES (
            ?, ?, ?, ?, ?,
            ?, ?
        ) [23505-214]
	at org.springframework.jdbc.support.SQLErrorCodeSQLExceptionTranslator.doTranslate(SQLErrorCodeSQLExceptionTranslator.java:244) ~[spring-jdbc-5.3.31.jar:5.3.31]
	at org.springframework.jdbc.support.AbstractFallbackSQLExceptionTranslator.translate(AbstractFallbackSQLExceptionTranslator.java:73) ~[spring-jdbc-5.3.31.jar:5.3.31]
	at org.mybatis.spring.MyBatisExceptionTranslator.translateExceptionIfPossible(MyBatisExceptionTranslator.java:92) ~[mybatis-spring-2.1.2.jar:2.1.2]
	at org.mybatis.spring.SqlSessionTemplate$SqlSessionInterceptor.invoke(SqlSessionTemplate.java:439) ~[mybatis-spring-2.1.2.jar:2.1.2]
	at jdk.proxy2/jdk.proxy2.$Proxy62.insert(Unknown Source) ~[na:na]
	at org.mybatis.spring.SqlSessionTemplate.insert(SqlSessionTemplate.java:272) ~[mybatis-spring-2.1.2.jar:2.1.2]
	at org.apache.ibatis.binding.MapperMethod.execute(MapperMethod.java:62) ~[mybatis-3.5.14.jar:3.5.14]
	at org.apache.ibatis.binding.MapperProxy$PlainMethodInvoker.invoke(MapperProxy.java:141) ~[mybatis-3.5.14.jar:3.5.14]
	at org.apache.ibatis.binding.MapperProxy.invoke(MapperProxy.java:86) ~[mybatis-3.5.14.jar:3.5.14]
	at jdk.proxy2/jdk.proxy2.$Proxy63.insert(Unknown Source) ~[na:na]
	at org.example.service.impl.InspectionPromptServiceImpl.insertPrompt(InspectionPromptServiceImpl.java:94) ~[classes/:na]
	at org.example.controller.InspectionPromptController.addPrompt(InspectionPromptController.java:51) ~[classes/:na]
	at java.base/jdk.internal.reflect.DirectMethodHandleAccessor.invoke(DirectMethodHandleAccessor.java:103) ~[na:na]
	at java.base/java.lang.reflect.Method.invoke(Method.java:580) ~[na:na]
	at org.springframework.web.method.support.InvocableHandlerMethod.doInvoke(InvocableHandlerMethod.java:205) ~[spring-web-5.3.31.jar:5.3.31]
	at org.springframework.web.method.support.InvocableHandlerMethod.invokeForRequest(InvocableHandlerMethod.java:150) ~[spring-web-5.3.31.jar:5.3.31]
	at org.springframework.web.servlet.mvc.method.annotation.ServletInvocableHandlerMethod.invokeAndHandle(ServletInvocableHandlerMethod.java:117) ~[spring-webmvc-5.3.31.jar:5.3.31]
	at org.springframework.web.servlet.mvc.method.annotation.RequestMappingHandlerAdapter.invokeHandlerMethod(RequestMappingHandlerAdapter.java:895) ~[spring-webmvc-5.3.31.jar:5.3.31]
	at org.springframework.web.servlet.mvc.method.annotation.RequestMappingHandlerAdapter.handleInternal(RequestMappingHandlerAdapter.java:808) ~[spring-webmvc-5.3.31.jar:5.3.31]
	at org.springframework.web.servlet.mvc.method.AbstractHandlerMethodAdapter.handle(AbstractHandlerMethodAdapter.java:87) ~[spring-webmvc-5.3.31.jar:5.3.31]
	at org.springframework.web.servlet.DispatcherServlet.doDispatch(DispatcherServlet.java:1072) ~[spring-webmvc-5.3.31.jar:5.3.31]
	at org.springframework.web.servlet.DispatcherServlet.doService(DispatcherServlet.java:965) ~[spring-webmvc-5.3.31.jar:5.3.31]
	at org.springframework.web.servlet.FrameworkServlet.processRequest(FrameworkServlet.java:1006) ~[spring-webmvc-5.3.31.jar:5.3.31]
	at org.springframework.web.servlet.FrameworkServlet.doPost(FrameworkServlet.java:909) ~[spring-webmvc-5.3.31.jar:5.3.31]
	at javax.servlet.http.HttpServlet.service(HttpServlet.java:555) ~[tomcat-embed-core-9.0.83.jar:4.0.FR]
	at org.springframework.web.servlet.FrameworkServlet.service(FrameworkServlet.java:883) ~[spring-webmvc-5.3.31.jar:5.3.31]
	at javax.servlet.http.HttpServlet.service(HttpServlet.java:623) ~[tomcat-embed-core-9.0.83.jar:4.0.FR]
	at org.apache.catalina.core.ApplicationFilterChain.internalDoFilter(ApplicationFilterChain.java:209) ~[tomcat-embed-core-9.0.83.jar:9.0.83]
	at org.apache.catalina.core.ApplicationFilterChain.doFilter(ApplicationFilterChain.java:153) ~[tomcat-embed-core-9.0.83.jar:9.0.83]
	at org.apache.tomcat.websocket.server.WsFilter.doFilter(WsFilter.java:51) ~[tomcat-embed-websocket-9.0.83.jar:9.0.83]
	at org.apache.catalina.core.ApplicationFilterChain.internalDoFilter(ApplicationFilterChain.java:178) ~[tomcat-embed-core-9.0.83.jar:9.0.83]
	at org.apache.catalina.core.ApplicationFilterChain.doFilter(ApplicationFilterChain.java:153) ~[tomcat-embed-core-9.0.83.jar:9.0.83]
	at org.springframework.web.filter.RequestContextFilter.doFilterInternal(RequestContextFilter.java:100) ~[spring-web-5.3.31.jar:5.3.31]
	at org.springframework.web.filter.OncePerRequestFilter.doFilter(OncePerRequestFilter.java:117) ~[spring-web-5.3.31.jar:5.3.31]
	at org.apache.catalina.core.ApplicationFilterChain.internalDoFilter(ApplicationFilterChain.java:178) ~[tomcat-embed-core-9.0.83.jar:9.0.83]
	at org.apache.catalina.core.ApplicationFilterChain.doFilter(ApplicationFilterChain.java:153) ~[tomcat-embed-core-9.0.83.jar:9.0.83]
	at org.springframework.web.filter.FormContentFilter.doFilterInternal(FormContentFilter.java:93) ~[spring-web-5.3.31.jar:5.3.31]
	at org.springframework.web.filter.OncePerRequestFilter.doFilter(OncePerRequestFilter.java:117) ~[spring-web-5.3.31.jar:5.3.31]
	at org.apache.catalina.core.ApplicationFilterChain.internalDoFilter(ApplicationFilterChain.java:178) ~[tomcat-embed-core-9.0.83.jar:9.0.83]
	at org.apache.catalina.core.ApplicationFilterChain.doFilter(ApplicationFilterChain.java:153) ~[tomcat-embed-core-9.0.83.jar:9.0.83]
	at org.springframework.web.filter.CharacterEncodingFilter.doFilterInternal(CharacterEncodingFilter.java:201) ~[spring-web-5.3.31.jar:5.3.31]
	at org.springframework.web.filter.OncePerRequestFilter.doFilter(OncePerRequestFilter.java:117) ~[spring-web-5.3.31.jar:5.3.31]
	at org.apache.catalina.core.ApplicationFilterChain.internalDoFilter(ApplicationFilterChain.java:178) ~[tomcat-embed-core-9.0.83.jar:9.0.83]
	at org.apache.catalina.core.ApplicationFilterChain.doFilter(ApplicationFilterChain.java:153) ~[tomcat-embed-core-9.0.83.jar:9.0.83]
	at org.apache.catalina.core.StandardWrapperValve.invoke(StandardWrapperValve.java:168) ~[tomcat-embed-core-9.0.83.jar:9.0.83]
	at org.apache.catalina.core.StandardContextValve.invoke(StandardContextValve.java:90) ~[tomcat-embed-core-9.0.83.jar:9.0.83]
	at org.apache.catalina.authenticator.AuthenticatorBase.invoke(AuthenticatorBase.java:481) ~[tomcat-embed-core-9.0.83.jar:9.0.83]
	at org.apache.catalina.core.StandardHostValve.invoke(StandardHostValve.java:130) ~[tomcat-embed-core-9.0.83.jar:9.0.83]
	at org.apache.catalina.valves.ErrorReportValve.invoke(ErrorReportValve.java:93) ~[tomcat-embed-core-9.0.83.jar:9.0.83]
	at org.apache.catalina.core.StandardEngineValve.invoke(StandardEngineValve.java:74) ~[tomcat-embed-core-9.0.83.jar:9.0.83]
	at org.apache.catalina.connector.CoyoteAdapter.service(CoyoteAdapter.java:342) ~[tomcat-embed-core-9.0.83.jar:9.0.83]
	at org.apache.coyote.http11.Http11Processor.service(Http11Processor.java:390) ~[tomcat-embed-core-9.0.83.jar:9.0.83]
	at org.apache.coyote.AbstractProcessorLight.process(AbstractProcessorLight.java:63) ~[tomcat-embed-core-9.0.83.jar:9.0.83]
	at org.apache.coyote.AbstractProtocol$ConnectionHandler.process(AbstractProtocol.java:928) ~[tomcat-embed-core-9.0.83.jar:9.0.83]
	at org.apache.tomcat.util.net.NioEndpoint$SocketProcessor.doRun(NioEndpoint.java:1794) ~[tomcat-embed-core-9.0.83.jar:9.0.83]
	at org.apache.tomcat.util.net.SocketProcessorBase.run(SocketProcessorBase.java:52) ~[tomcat-embed-core-9.0.83.jar:9.0.83]
	at org.apache.tomcat.util.threads.ThreadPoolExecutor.runWorker(ThreadPoolExecutor.java:1191) ~[tomcat-embed-core-9.0.83.jar:9.0.83]
	at org.apache.tomcat.util.threads.ThreadPoolExecutor$Worker.run(ThreadPoolExecutor.java:659) ~[tomcat-embed-core-9.0.83.jar:9.0.83]
	at org.apache.tomcat.util.threads.TaskThread$WrappingRunnable.run(TaskThread.java:61) ~[tomcat-embed-core-9.0.83.jar:9.0.83]
	at java.base/java.lang.Thread.run(Thread.java:1575) ~[na:na]
Caused by: org.h2.jdbc.JdbcSQLIntegrityConstraintViolationException: Unique index or primary key violation: "PRIMARY KEY ON PUBLIC.INSPECTION_PROMPT(ID) ( /* key:2 */ 2, TIMESTAMP '2025-05-30 15:45:38', TIMESTAMP '2025-08-07 09:40:02', 'n', 'test', U&'\\4e1a\\52a1\\6982\\89c8AI\\5de1\\68c0prompt', 'businessOverview', SPACE(683 /* table: 10 id: 8 */))"; SQL statement:
INSERT INTO inspection_prompt (
            gmt_create, gmt_modified, is_deleted, tag, prompt_name,
            method_name, prompt_content
        ) VALUES (
            ?, ?, ?, ?, ?,
            ?, ?
        ) [23505-214]
	at org.h2.message.DbException.getJdbcSQLException(DbException.java:508) ~[h2-2.1.214.jar:2.1.214]
	at org.h2.message.DbException.getJdbcSQLException(DbException.java:477) ~[h2-2.1.214.jar:2.1.214]
	at org.h2.message.DbException.get(DbException.java:223) ~[h2-2.1.214.jar:2.1.214]
	at org.h2.message.DbException.get(DbException.java:199) ~[h2-2.1.214.jar:2.1.214]
	at org.h2.mvstore.db.MVPrimaryIndex.add(MVPrimaryIndex.java:120) ~[h2-2.1.214.jar:2.1.214]
	at org.h2.mvstore.db.MVTable.addRow(MVTable.java:519) ~[h2-2.1.214.jar:2.1.214]
	at org.h2.command.dml.Insert.insertRows(Insert.java:174) ~[h2-2.1.214.jar:2.1.214]
	at org.h2.command.dml.Insert.update(Insert.java:135) ~[h2-2.1.214.jar:2.1.214]
	at org.h2.command.CommandContainer.executeUpdateWithGeneratedKeys(CommandContainer.java:242) ~[h2-2.1.214.jar:2.1.214]
	at org.h2.command.CommandContainer.update(CommandContainer.java:163) ~[h2-2.1.214.jar:2.1.214]
	at org.h2.command.Command.executeUpdate(Command.java:252) ~[h2-2.1.214.jar:2.1.214]
	at org.h2.jdbc.JdbcPreparedStatement.execute(JdbcPreparedStatement.java:254) ~[h2-2.1.214.jar:2.1.214]
	at java.base/jdk.internal.reflect.DirectMethodHandleAccessor.invoke(DirectMethodHandleAccessor.java:103) ~[na:na]
	at java.base/java.lang.reflect.Method.invoke(Method.java:580) ~[na:na]
	at org.apache.ibatis.logging.jdbc.PreparedStatementLogger.invoke(PreparedStatementLogger.java:58) ~[mybatis-3.5.14.jar:3.5.14]
	at jdk.proxy3/jdk.proxy3.$Proxy77.execute(Unknown Source) ~[na:na]
	at org.apache.ibatis.executor.statement.PreparedStatementHandler.update(PreparedStatementHandler.java:48) ~[mybatis-3.5.14.jar:3.5.14]
	at org.apache.ibatis.executor.statement.RoutingStatementHandler.update(RoutingStatementHandler.java:75) ~[mybatis-3.5.14.jar:3.5.14]
	at org.apache.ibatis.executor.ReuseExecutor.doUpdate(ReuseExecutor.java:52) ~[mybatis-3.5.14.jar:3.5.14]
	at org.apache.ibatis.executor.BaseExecutor.update(BaseExecutor.java:117) ~[mybatis-3.5.14.jar:3.5.14]
	at org.apache.ibatis.executor.CachingExecutor.update(CachingExecutor.java:76) ~[mybatis-3.5.14.jar:3.5.14]
	at org.apache.ibatis.session.defaults.DefaultSqlSession.update(DefaultSqlSession.java:197) ~[mybatis-3.5.14.jar:3.5.14]
	at org.apache.ibatis.session.defaults.DefaultSqlSession.insert(DefaultSqlSession.java:184) ~[mybatis-3.5.14.jar:3.5.14]
	at java.base/jdk.internal.reflect.DirectMethodHandleAccessor.invoke(DirectMethodHandleAccessor.java:103) ~[na:na]
	at java.base/java.lang.reflect.Method.invoke(Method.java:580) ~[na:na]
	at org.mybatis.spring.SqlSessionTemplate$SqlSessionInterceptor.invoke(SqlSessionTemplate.java:425) ~[mybatis-spring-2.1.2.jar:2.1.2]
	... 56 common frames omitted

[2m2025-08-07 16:40:45.485[0;39m [32m INFO[0;39m [35m32612[0;39m [2m---[0;39m [2m[nio-8080-exec-2][0;39m [36mo.e.c.InspectionPromptController        [0;39m [2m:[0;39m æŽ¥æ”¶æŸ¥è¯¢Promptåˆ—è¡¨è¯·æ±‚: InspectionPromptQuery{tag='', promptName='', methodName=''}
[2m2025-08-07 16:40:45.485[0;39m [32m INFO[0;39m [35m32612[0;39m [2m---[0;39m [2m[nio-8080-exec-2][0;39m [36mo.e.s.impl.InspectionPromptServiceImpl  [0;39m [2m:[0;39m æŸ¥è¯¢Promptåˆ—è¡¨ï¼ŒæŸ¥è¯¢æ¡ä»¶: InspectionPromptQuery{tag='', promptName='', methodName=''}
[2m2025-08-07 16:40:45.486[0;39m [32mDEBUG[0;39m [35m32612[0;39m [2m---[0;39m [2m[nio-8080-exec-2][0;39m [36morg.mybatis.spring.SqlSessionUtils      [0;39m [2m:[0;39m Creating a new SqlSession
[2m2025-08-07 16:40:45.486[0;39m [32mDEBUG[0;39m [35m32612[0;39m [2m---[0;39m [2m[nio-8080-exec-2][0;39m [36morg.mybatis.spring.SqlSessionUtils      [0;39m [2m:[0;39m SqlSession [org.apache.ibatis.session.defaults.DefaultSqlSession@2464e9d5] was not registered for synchronization because synchronization is not active
[2m2025-08-07 16:40:45.487[0;39m [32mDEBUG[0;39m [35m32612[0;39m [2m---[0;39m [2m[nio-8080-exec-2][0;39m [36mo.s.jdbc.datasource.DataSourceUtils     [0;39m [2m:[0;39m Fetching JDBC Connection from DataSource
[2m2025-08-07 16:40:45.487[0;39m [32mDEBUG[0;39m [35m32612[0;39m [2m---[0;39m [2m[nio-8080-exec-2][0;39m [36mo.s.j.datasource.SimpleDriverDataSource [0;39m [2m:[0;39m Creating new JDBC Driver Connection to [jdbc:h2:mem:testdb;DB_CLOSE_DELAY=-1;DB_CLOSE_ON_EXIT=false]
[2m2025-08-07 16:40:45.487[0;39m [32mDEBUG[0;39m [35m32612[0;39m [2m---[0;39m [2m[nio-8080-exec-2][0;39m [36mo.m.s.t.SpringManagedTransaction        [0;39m [2m:[0;39m JDBC Connection [conn10: url=jdbc:h2:mem:testdb user=SA] will not be managed by Spring
[2m2025-08-07 16:40:45.487[0;39m [32mDEBUG[0;39m [35m32612[0;39m [2m---[0;39m [2m[nio-8080-exec-2][0;39m [36mo.e.m.I.selectByCondition               [0;39m [2m:[0;39m ==>  Preparing: SELECT id, gmt_create, gmt_modified, is_deleted, tag, prompt_name, method_name, prompt_content FROM inspection_prompt WHERE is_deleted = 'n' ORDER BY gmt_create DESC
[2m2025-08-07 16:40:45.489[0;39m [32mDEBUG[0;39m [35m32612[0;39m [2m---[0;39m [2m[nio-8080-exec-2][0;39m [36mo.e.m.I.selectByCondition               [0;39m [2m:[0;39m ==> Parameters: 
[2m2025-08-07 16:40:45.495[0;39m [32mDEBUG[0;39m [35m32612[0;39m [2m---[0;39m [2m[nio-8080-exec-2][0;39m [36mo.e.m.I.selectByCondition               [0;39m [2m:[0;39m <==      Total: 2
[2m2025-08-07 16:40:45.495[0;39m [32mDEBUG[0;39m [35m32612[0;39m [2m---[0;39m [2m[nio-8080-exec-2][0;39m [36morg.mybatis.spring.SqlSessionUtils      [0;39m [2m:[0;39m Closing non transactional SqlSession [org.apache.ibatis.session.defaults.DefaultSqlSession@2464e9d5]
[2m2025-08-07 16:40:45.495[0;39m [32m INFO[0;39m [35m32612[0;39m [2m---[0;39m [2m[nio-8080-exec-2][0;39m [36mo.e.s.impl.InspectionPromptServiceImpl  [0;39m [2m:[0;39m æŸ¥è¯¢æˆåŠŸï¼Œè¿”å›ž 2 æ¡è®°å½•
[2m2025-08-07 16:40:48.794[0;39m [32m INFO[0;39m [35m32612[0;39m [2m---[0;39m [2m[nio-8080-exec-3][0;39m [36mo.e.c.InspectionPromptController        [0;39m [2m:[0;39m æŽ¥æ”¶æŸ¥è¯¢Promptåˆ—è¡¨è¯·æ±‚: InspectionPromptQuery{tag='', promptName='', methodName=''}
[2m2025-08-07 16:40:48.795[0;39m [32m INFO[0;39m [35m32612[0;39m [2m---[0;39m [2m[nio-8080-exec-3][0;39m [36mo.e.s.impl.InspectionPromptServiceImpl  [0;39m [2m:[0;39m æŸ¥è¯¢Promptåˆ—è¡¨ï¼ŒæŸ¥è¯¢æ¡ä»¶: InspectionPromptQuery{tag='', promptName='', methodName=''}
[2m2025-08-07 16:40:48.795[0;39m [32mDEBUG[0;39m [35m32612[0;39m [2m---[0;39m [2m[nio-8080-exec-3][0;39m [36morg.mybatis.spring.SqlSessionUtils      [0;39m [2m:[0;39m Creating a new SqlSession
[2m2025-08-07 16:40:48.795[0;39m [32mDEBUG[0;39m [35m32612[0;39m [2m---[0;39m [2m[nio-8080-exec-3][0;39m [36morg.mybatis.spring.SqlSessionUtils      [0;39m [2m:[0;39m SqlSession [org.apache.ibatis.session.defaults.DefaultSqlSession@344b23e2] was not registered for synchronization because synchronization is not active
[2m2025-08-07 16:40:48.795[0;39m [32mDEBUG[0;39m [35m32612[0;39m [2m---[0;39m [2m[nio-8080-exec-3][0;39m [36mo.s.jdbc.datasource.DataSourceUtils     [0;39m [2m:[0;39m Fetching JDBC Connection from DataSource
[2m2025-08-07 16:40:48.795[0;39m [32mDEBUG[0;39m [35m32612[0;39m [2m---[0;39m [2m[nio-8080-exec-3][0;39m [36mo.s.j.datasource.SimpleDriverDataSource [0;39m [2m:[0;39m Creating new JDBC Driver Connection to [jdbc:h2:mem:testdb;DB_CLOSE_DELAY=-1;DB_CLOSE_ON_EXIT=false]
[2m2025-08-07 16:40:48.795[0;39m [32mDEBUG[0;39m [35m32612[0;39m [2m---[0;39m [2m[nio-8080-exec-3][0;39m [36mo.m.s.t.SpringManagedTransaction        [0;39m [2m:[0;39m JDBC Connection [conn11: url=jdbc:h2:mem:testdb user=SA] will not be managed by Spring
[2m2025-08-07 16:40:48.795[0;39m [32mDEBUG[0;39m [35m32612[0;39m [2m---[0;39m [2m[nio-8080-exec-3][0;39m [36mo.e.m.I.selectByCondition               [0;39m [2m:[0;39m ==>  Preparing: SELECT id, gmt_create, gmt_modified, is_deleted, tag, prompt_name, method_name, prompt_content FROM inspection_prompt WHERE is_deleted = 'n' ORDER BY gmt_create DESC
[2m2025-08-07 16:40:48.795[0;39m [32mDEBUG[0;39m [35m32612[0;39m [2m---[0;39m [2m[nio-8080-exec-3][0;39m [36mo.e.m.I.selectByCondition               [0;39m [2m:[0;39m ==> Parameters: 
[2m2025-08-07 16:40:48.796[0;39m [32mDEBUG[0;39m [35m32612[0;39m [2m---[0;39m [2m[nio-8080-exec-3][0;39m [36mo.e.m.I.selectByCondition               [0;39m [2m:[0;39m <==      Total: 2
[2m2025-08-07 16:40:48.796[0;39m [32mDEBUG[0;39m [35m32612[0;39m [2m---[0;39m [2m[nio-8080-exec-3][0;39m [36morg.mybatis.spring.SqlSessionUtils      [0;39m [2m:[0;39m Closing non transactional SqlSession [org.apache.ibatis.session.defaults.DefaultSqlSession@344b23e2]
[2m2025-08-07 16:40:48.796[0;39m [32m INFO[0;39m [35m32612[0;39m [2m---[0;39m [2m[nio-8080-exec-3][0;39m [36mo.e.s.impl.InspectionPromptServiceImpl  [0;39m [2m:[0;39m æŸ¥è¯¢æˆåŠŸï¼Œè¿”å›ž 2 æ¡è®°å½•
[2m2025-08-07 16:40:54.121[0;39m [32m INFO[0;39m [35m32612[0;39m [2m---[0;39m [2m[nio-8080-exec-5][0;39m [36mo.e.c.InspectionPromptController        [0;39m [2m:[0;39m æŽ¥æ”¶æ–°å¢žPromptè¯·æ±‚: InspectionPromptDTO{id=null, gmtCreate='null', gmtModified='null', isDeleted='null', tag='test', promptName='1', methodName='1', promptContent='1'}
[2m2025-08-07 16:40:54.121[0;39m [32m INFO[0;39m [35m32612[0;39m [2m---[0;39m [2m[nio-8080-exec-5][0;39m [36mo.e.s.impl.InspectionPromptServiceImpl  [0;39m [2m:[0;39m æ–°å¢žPrompt: InspectionPromptDTO{id=null, gmtCreate='null', gmtModified='null', isDeleted='null', tag='test', promptName='1', methodName='1', promptContent='1'}
[2m2025-08-07 16:40:54.121[0;39m [32mDEBUG[0;39m [35m32612[0;39m [2m---[0;39m [2m[nio-8080-exec-5][0;39m [36morg.mybatis.spring.SqlSessionUtils      [0;39m [2m:[0;39m Creating a new SqlSession
[2m2025-08-07 16:40:54.121[0;39m [32mDEBUG[0;39m [35m32612[0;39m [2m---[0;39m [2m[nio-8080-exec-5][0;39m [36morg.mybatis.spring.SqlSessionUtils      [0;39m [2m:[0;39m SqlSession [org.apache.ibatis.session.defaults.DefaultSqlSession@46d945cc] was not registered for synchronization because synchronization is not active
[2m2025-08-07 16:40:54.121[0;39m [32mDEBUG[0;39m [35m32612[0;39m [2m---[0;39m [2m[nio-8080-exec-5][0;39m [36mo.s.jdbc.datasource.DataSourceUtils     [0;39m [2m:[0;39m Fetching JDBC Connection from DataSource
[2m2025-08-07 16:40:54.121[0;39m [32mDEBUG[0;39m [35m32612[0;39m [2m---[0;39m [2m[nio-8080-exec-5][0;39m [36mo.s.j.datasource.SimpleDriverDataSource [0;39m [2m:[0;39m Creating new JDBC Driver Connection to [jdbc:h2:mem:testdb;DB_CLOSE_DELAY=-1;DB_CLOSE_ON_EXIT=false]
[2m2025-08-07 16:40:54.122[0;39m [32mDEBUG[0;39m [35m32612[0;39m [2m---[0;39m [2m[nio-8080-exec-5][0;39m [36mo.m.s.t.SpringManagedTransaction        [0;39m [2m:[0;39m JDBC Connection [conn12: url=jdbc:h2:mem:testdb user=SA] will not be managed by Spring
[2m2025-08-07 16:40:54.122[0;39m [32mDEBUG[0;39m [35m32612[0;39m [2m---[0;39m [2m[nio-8080-exec-5][0;39m [36mo.e.m.InspectionPromptMapper.insert     [0;39m [2m:[0;39m ==>  Preparing: INSERT INTO inspection_prompt ( gmt_create, gmt_modified, is_deleted, tag, prompt_name, method_name, prompt_content ) VALUES ( ?, ?, ?, ?, ?, ?, ? )
[2m2025-08-07 16:40:54.122[0;39m [32mDEBUG[0;39m [35m32612[0;39m [2m---[0;39m [2m[nio-8080-exec-5][0;39m [36mo.e.m.InspectionPromptMapper.insert     [0;39m [2m:[0;39m ==> Parameters: 2025-08-07 16:40:54.121(Timestamp), 2025-08-07 16:40:54.121(Timestamp), n(String), test(String), 1(String), 1(String), 1(String)
[2m2025-08-07 16:40:54.123[0;39m [32mDEBUG[0;39m [35m32612[0;39m [2m---[0;39m [2m[nio-8080-exec-5][0;39m [36mo.e.m.InspectionPromptMapper.insert     [0;39m [2m:[0;39m <==    Updates: 1
[2m2025-08-07 16:40:54.126[0;39m [32mDEBUG[0;39m [35m32612[0;39m [2m---[0;39m [2m[nio-8080-exec-5][0;39m [36morg.mybatis.spring.SqlSessionUtils      [0;39m [2m:[0;39m Closing non transactional SqlSession [org.apache.ibatis.session.defaults.DefaultSqlSession@46d945cc]
[2m2025-08-07 16:40:54.126[0;39m [32m INFO[0;39m [35m32612[0;39m [2m---[0;39m [2m[nio-8080-exec-5][0;39m [36mo.e.s.impl.InspectionPromptServiceImpl  [0;39m [2m:[0;39m æ–°å¢žæˆåŠŸ
[2m2025-08-07 16:40:54.141[0;39m [32m INFO[0;39m [35m32612[0;39m [2m---[0;39m [2m[nio-8080-exec-7][0;39m [36mo.e.c.InspectionPromptController        [0;39m [2m:[0;39m æŽ¥æ”¶æŸ¥è¯¢Promptåˆ—è¡¨è¯·æ±‚: InspectionPromptQuery{tag='', promptName='', methodName=''}
[2m2025-08-07 16:40:54.141[0;39m [32m INFO[0;39m [35m32612[0;39m [2m---[0;39m [2m[nio-8080-exec-7][0;39m [36mo.e.s.impl.InspectionPromptServiceImpl  [0;39m [2m:[0;39m æŸ¥è¯¢Promptåˆ—è¡¨ï¼ŒæŸ¥è¯¢æ¡ä»¶: InspectionPromptQuery{tag='', promptName='', methodName=''}
[2m2025-08-07 16:40:54.142[0;39m [32mDEBUG[0;39m [35m32612[0;39m [2m---[0;39m [2m[nio-8080-exec-7][0;39m [36morg.mybatis.spring.SqlSessionUtils      [0;39m [2m:[0;39m Creating a new SqlSession
[2m2025-08-07 16:40:54.142[0;39m [32mDEBUG[0;39m [35m32612[0;39m [2m---[0;39m [2m[nio-8080-exec-7][0;39m [36morg.mybatis.spring.SqlSessionUtils      [0;39m [2m:[0;39m SqlSession [org.apache.ibatis.session.defaults.DefaultSqlSession@594e3bd2] was not registered for synchronization because synchronization is not active
[2m2025-08-07 16:40:54.142[0;39m [32mDEBUG[0;39m [35m32612[0;39m [2m---[0;39m [2m[nio-8080-exec-7][0;39m [36mo.s.jdbc.datasource.DataSourceUtils     [0;39m [2m:[0;39m Fetching JDBC Connection from DataSource
[2m2025-08-07 16:40:54.142[0;39m [32mDEBUG[0;39m [35m32612[0;39m [2m---[0;39m [2m[nio-8080-exec-7][0;39m [36mo.s.j.datasource.SimpleDriverDataSource [0;39m [2m:[0;39m Creating new JDBC Driver Connection to [jdbc:h2:mem:testdb;DB_CLOSE_DELAY=-1;DB_CLOSE_ON_EXIT=false]
[2m2025-08-07 16:40:54.142[0;39m [32mDEBUG[0;39m [35m32612[0;39m [2m---[0;39m [2m[nio-8080-exec-7][0;39m [36mo.m.s.t.SpringManagedTransaction        [0;39m [2m:[0;39m JDBC Connection [conn13: url=jdbc:h2:mem:testdb user=SA] will not be managed by Spring
[2m2025-08-07 16:40:54.142[0;39m [32mDEBUG[0;39m [35m32612[0;39m [2m---[0;39m [2m[nio-8080-exec-7][0;39m [36mo.e.m.I.selectByCondition               [0;39m [2m:[0;39m ==>  Preparing: SELECT id, gmt_create, gmt_modified, is_deleted, tag, prompt_name, method_name, prompt_content FROM inspection_prompt WHERE is_deleted = 'n' ORDER BY gmt_create DESC
[2m2025-08-07 16:40:54.143[0;39m [32mDEBUG[0;39m [35m32612[0;39m [2m---[0;39m [2m[nio-8080-exec-7][0;39m [36mo.e.m.I.selectByCondition               [0;39m [2m:[0;39m ==> Parameters: 
[2m2025-08-07 16:40:54.144[0;39m [32mDEBUG[0;39m [35m32612[0;39m [2m---[0;39m [2m[nio-8080-exec-7][0;39m [36mo.e.m.I.selectByCondition               [0;39m [2m:[0;39m <==      Total: 3
[2m2025-08-07 16:40:54.144[0;39m [32mDEBUG[0;39m [35m32612[0;39m [2m---[0;39m [2m[nio-8080-exec-7][0;39m [36morg.mybatis.spring.SqlSessionUtils      [0;39m [2m:[0;39m Closing non transactional SqlSession [org.apache.ibatis.session.defaults.DefaultSqlSession@594e3bd2]
[2m2025-08-07 16:40:54.144[0;39m [32m INFO[0;39m [35m32612[0;39m [2m---[0;39m [2m[nio-8080-exec-7][0;39m [36mo.e.s.impl.InspectionPromptServiceImpl  [0;39m [2m:[0;39m æŸ¥è¯¢æˆåŠŸï¼Œè¿”å›ž 3 æ¡è®°å½•
[2m2025-08-07 16:40:55.849[0;39m [32m INFO[0;39m [35m32612[0;39m [2m---[0;39m [2m[nio-8080-exec-9][0;39m [36mo.e.c.InspectionPromptController        [0;39m [2m:[0;39m æŽ¥æ”¶æŸ¥è¯¢Promptåˆ—è¡¨è¯·æ±‚: InspectionPromptQuery{tag='', promptName='', methodName=''}
[2m2025-08-07 16:40:55.849[0;39m [32m INFO[0;39m [35m32612[0;39m [2m---[0;39m [2m[nio-8080-exec-9][0;39m [36mo.e.s.impl.InspectionPromptServiceImpl  [0;39m [2m:[0;39m æŸ¥è¯¢Promptåˆ—è¡¨ï¼ŒæŸ¥è¯¢æ¡ä»¶: InspectionPromptQuery{tag='', promptName='', methodName=''}
[2m2025-08-07 16:40:55.849[0;39m [32mDEBUG[0;39m [35m32612[0;39m [2m---[0;39m [2m[nio-8080-exec-9][0;39m [36morg.mybatis.spring.SqlSessionUtils      [0;39m [2m:[0;39m Creating a new SqlSession
[2m2025-08-07 16:40:55.849[0;39m [32mDEBUG[0;39m [35m32612[0;39m [2m---[0;39m [2m[nio-8080-exec-9][0;39m [36morg.mybatis.spring.SqlSessionUtils      [0;39m [2m:[0;39m SqlSession [org.apache.ibatis.session.defaults.DefaultSqlSession@5c152055] was not registered for synchronization because synchronization is not active
[2m2025-08-07 16:40:55.849[0;39m [32mDEBUG[0;39m [35m32612[0;39m [2m---[0;39m [2m[nio-8080-exec-9][0;39m [36mo.s.jdbc.datasource.DataSourceUtils     [0;39m [2m:[0;39m Fetching JDBC Connection from DataSource
[2m2025-08-07 16:40:55.849[0;39m [32mDEBUG[0;39m [35m32612[0;39m [2m---[0;39m [2m[nio-8080-exec-9][0;39m [36mo.s.j.datasource.SimpleDriverDataSource [0;39m [2m:[0;39m Creating new JDBC Driver Connection to [jdbc:h2:mem:testdb;DB_CLOSE_DELAY=-1;DB_CLOSE_ON_EXIT=false]
[2m2025-08-07 16:40:55.850[0;39m [32mDEBUG[0;39m [35m32612[0;39m [2m---[0;39m [2m[nio-8080-exec-9][0;39m [36mo.m.s.t.SpringManagedTransaction        [0;39m [2m:[0;39m JDBC Connection [conn14: url=jdbc:h2:mem:testdb user=SA] will not be managed by Spring
[2m2025-08-07 16:40:55.850[0;39m [32mDEBUG[0;39m [35m32612[0;39m [2m---[0;39m [2m[nio-8080-exec-9][0;39m [36mo.e.m.I.selectByCondition               [0;39m [2m:[0;39m ==>  Preparing: SELECT id, gmt_create, gmt_modified, is_deleted, tag, prompt_name, method_name, prompt_content FROM inspection_prompt WHERE is_deleted = 'n' ORDER BY gmt_create DESC
[2m2025-08-07 16:40:55.850[0;39m [32mDEBUG[0;39m [35m32612[0;39m [2m---[0;39m [2m[nio-8080-exec-9][0;39m [36mo.e.m.I.selectByCondition               [0;39m [2m:[0;39m ==> Parameters: 
[2m2025-08-07 16:40:55.851[0;39m [32mDEBUG[0;39m [35m32612[0;39m [2m---[0;39m [2m[nio-8080-exec-9][0;39m [36mo.e.m.I.selectByCondition               [0;39m [2m:[0;39m <==      Total: 3
[2m2025-08-07 16:40:55.851[0;39m [32mDEBUG[0;39m [35m32612[0;39m [2m---[0;39m [2m[nio-8080-exec-9][0;39m [36morg.mybatis.spring.SqlSessionUtils      [0;39m [2m:[0;39m Closing non transactional SqlSession [org.apache.ibatis.session.defaults.DefaultSqlSession@5c152055]
[2m2025-08-07 16:40:55.851[0;39m [32m INFO[0;39m [35m32612[0;39m [2m---[0;39m [2m[nio-8080-exec-9][0;39m [36mo.e.s.impl.InspectionPromptServiceImpl  [0;39m [2m:[0;39m æŸ¥è¯¢æˆåŠŸï¼Œè¿”å›ž 3 æ¡è®°å½•
[2m2025-08-07 16:40:58.480[0;39m [32m INFO[0;39m [35m32612[0;39m [2m---[0;39m [2m[ionShutdownHook][0;39m [36mo.s.j.d.e.EmbeddedDatabaseFactory       [0;39m [2m:[0;39m Shutting down embedded database: url='jdbc:h2:mem:testdb;DB_CLOSE_DELAY=-1;DB_CLOSE_ON_EXIT=false'
[2m2025-08-07 16:40:58.480[0;39m [32mDEBUG[0;39m [35m32612[0;39m [2m---[0;39m [2m[ionShutdownHook][0;39m [36mo.s.j.datasource.SimpleDriverDataSource [0;39m [2m:[0;39m Creating new JDBC Driver Connection to [jdbc:h2:mem:testdb;DB_CLOSE_DELAY=-1;DB_CLOSE_ON_EXIT=false]
